{"meta": {"format": 3, "version": "7.8.0", "timestamp": "2025-10-12T12:06:56.725269", "branch_coverage": false, "show_contexts": false}, "files": {"src/agents/base.py": {"executed_lines": [1, 23, 24, 25, 26, 27, 30, 31, 46, 47, 48, 49, 50, 51, 52, 55, 56, 75, 76, 77, 78, 79, 80, 81, 82, 83, 84, 85, 88, 89, 90, 104, 105, 106, 107, 108, 109, 110, 113, 114, 115, 129, 130, 131, 132, 133, 134, 135, 138, 139, 140, 157, 158, 159, 160, 161, 162, 163, 164, 165, 168, 169, 207, 220, 221, 222, 224, 233, 235, 245, 247, 248, 249, 250, 252, 253, 254, 256, 257, 299, 300, 337, 338, 377, 410, 411, 413, 415, 417, 418, 423, 425, 427, 429, 430, 431, 433, 434, 437, 438, 445, 450, 451, 462, 463, 464, 476, 502, 509, 537, 540, 541, 542, 544, 546, 569, 576], "summary": {"covered_lines": 110, "num_statements": 113, "percent_covered": 97.34513274336283, "percent_covered_display": "97", "missing_lines": 3, "excluded_lines": 0}, "missing_lines": [297, 335, 375], "excluded_lines": [], "functions": {"BaseAgent.__init__": {"executed_lines": [220, 221, 222, 224, 233, 235, 245, 247, 248, 249, 250, 252, 253, 254], "summary": {"covered_lines": 14, "num_statements": 14, "percent_covered": 100.0, "percent_covered_display": "100", "missing_lines": 0, "excluded_lines": 0}, "missing_lines": [], "excluded_lines": []}, "BaseAgent.plan": {"executed_lines": [], "summary": {"covered_lines": 0, "num_statements": 1, "percent_covered": 0.0, "percent_covered_display": "0", "missing_lines": 1, "excluded_lines": 0}, "missing_lines": [297], "excluded_lines": []}, "BaseAgent.execute_step": {"executed_lines": [], "summary": {"covered_lines": 0, "num_statements": 1, "percent_covered": 0.0, "percent_covered_display": "0", "missing_lines": 1, "excluded_lines": 0}, "missing_lines": [335], "excluded_lines": []}, "BaseAgent.validate_safety": {"executed_lines": [], "summary": {"covered_lines": 0, "num_statements": 1, "percent_covered": 0.0, "percent_covered_display": "0", "missing_lines": 1, "excluded_lines": 0}, "missing_lines": [375], "excluded_lines": []}, "BaseAgent.run": {"executed_lines": [410, 411, 413, 415, 417, 418, 423, 425, 427, 429, 430, 431, 433, 434, 437, 438, 445, 450, 451, 462, 463, 464], "summary": {"covered_lines": 22, "num_statements": 22, "percent_covered": 100.0, "percent_covered_display": "100", "missing_lines": 0, "excluded_lines": 0}, "missing_lines": [], "excluded_lines": []}, "BaseAgent._request_approval": {"executed_lines": [502], "summary": {"covered_lines": 1, "num_statements": 1, "percent_covered": 100.0, "percent_covered_display": "100", "missing_lines": 0, "excluded_lines": 0}, "missing_lines": [], "excluded_lines": []}, "BaseAgent._aggregate_results": {"executed_lines": [537, 540, 541, 542, 544], "summary": {"covered_lines": 5, "num_statements": 5, "percent_covered": 100.0, "percent_covered_display": "100", "missing_lines": 0, "excluded_lines": 0}, "missing_lines": [], "excluded_lines": []}, "BaseAgent._generate_reasoning": {"executed_lines": [569, 576], "summary": {"covered_lines": 2, "num_statements": 2, "percent_covered": 100.0, "percent_covered_display": "100", "missing_lines": 0, "excluded_lines": 0}, "missing_lines": [], "excluded_lines": []}, "": {"executed_lines": [1, 23, 24, 25, 26, 27, 30, 31, 46, 47, 48, 49, 50, 51, 52, 55, 56, 75, 76, 77, 78, 79, 80, 81, 82, 83, 84, 85, 88, 89, 90, 104, 105, 106, 107, 108, 109, 110, 113, 114, 115, 129, 130, 131, 132, 133, 134, 135, 138, 139, 140, 157, 158, 159, 160, 161, 162, 163, 164, 165, 168, 169, 207, 256, 257, 299, 300, 337, 338, 377, 476, 509, 546], "summary": {"covered_lines": 66, "num_statements": 66, "percent_covered": 100.0, "percent_covered_display": "100", "missing_lines": 0, "excluded_lines": 0}, "missing_lines": [], "excluded_lines": []}}, "classes": {"AgentState": {"executed_lines": [], "summary": {"covered_lines": 0, "num_statements": 0, "percent_covered": 100.0, "percent_covered_display": "100", "missing_lines": 0, "excluded_lines": 0}, "missing_lines": [], "excluded_lines": []}, "AgentCapability": {"executed_lines": [], "summary": {"covered_lines": 0, "num_statements": 0, "percent_covered": 100.0, "percent_covered_display": "100", "missing_lines": 0, "excluded_lines": 0}, "missing_lines": [], "excluded_lines": []}, "AgentConfig": {"executed_lines": [], "summary": {"covered_lines": 0, "num_statements": 0, "percent_covered": 100.0, "percent_covered_display": "100", "missing_lines": 0, "excluded_lines": 0}, "missing_lines": [], "excluded_lines": []}, "TaskContext": {"executed_lines": [], "summary": {"covered_lines": 0, "num_statements": 0, "percent_covered": 100.0, "percent_covered_display": "100", "missing_lines": 0, "excluded_lines": 0}, "missing_lines": [], "excluded_lines": []}, "TaskResult": {"executed_lines": [], "summary": {"covered_lines": 0, "num_statements": 0, "percent_covered": 100.0, "percent_covered_display": "100", "missing_lines": 0, "excluded_lines": 0}, "missing_lines": [], "excluded_lines": []}, "BaseAgent": {"executed_lines": [220, 221, 222, 224, 233, 235, 245, 247, 248, 249, 250, 252, 253, 254, 410, 411, 413, 415, 417, 418, 423, 425, 427, 429, 430, 431, 433, 434, 437, 438, 445, 450, 451, 462, 463, 464, 502, 537, 540, 541, 542, 544, 569, 576], "summary": {"covered_lines": 44, "num_statements": 47, "percent_covered": 93.61702127659575, "percent_covered_display": "94", "missing_lines": 3, "excluded_lines": 0}, "missing_lines": [297, 335, 375], "excluded_lines": []}, "": {"executed_lines": [1, 23, 24, 25, 26, 27, 30, 31, 46, 47, 48, 49, 50, 51, 52, 55, 56, 75, 76, 77, 78, 79, 80, 81, 82, 83, 84, 85, 88, 89, 90, 104, 105, 106, 107, 108, 109, 110, 113, 114, 115, 129, 130, 131, 132, 133, 134, 135, 138, 139, 140, 157, 158, 159, 160, 161, 162, 163, 164, 165, 168, 169, 207, 256, 257, 299, 300, 337, 338, 377, 476, 509, 546], "summary": {"covered_lines": 66, "num_statements": 66, "percent_covered": 100.0, "percent_covered_display": "100", "missing_lines": 0, "excluded_lines": 0}, "missing_lines": [], "excluded_lines": []}}}}, "totals": {"covered_lines": 110, "num_statements": 113, "percent_covered": 97.34513274336283, "percent_covered_display": "97", "missing_lines": 3, "excluded_lines": 0}}