{"meta": {"format": 3, "version": "7.8.0", "timestamp": "2025-10-11T07:30:02.574952", "branch_coverage": false, "show_contexts": false}, "files": {"src/__init__.py": {"executed_lines": [1, 9, 11, 13], "summary": {"covered_lines": 3, "num_statements": 3, "percent_covered": 100.0, "percent_covered_display": "100", "missing_lines": 0, "excluded_lines": 0}, "missing_lines": [], "excluded_lines": [], "functions": {"": {"executed_lines": [1, 9, 11, 13], "summary": {"covered_lines": 3, "num_statements": 3, "percent_covered": 100.0, "percent_covered_display": "100", "missing_lines": 0, "excluded_lines": 0}, "missing_lines": [], "excluded_lines": []}}, "classes": {"": {"executed_lines": [1, 9, 11, 13], "summary": {"covered_lines": 3, "num_statements": 3, "percent_covered": 100.0, "percent_covered_display": "100", "missing_lines": 0, "excluded_lines": 0}, "missing_lines": [], "excluded_lines": []}}}, "src/agents/__init__.py": {"executed_lines": [1, 20, 28, 29, 35, 37, 53], "summary": {"covered_lines": 6, "num_statements": 6, "percent_covered": 100.0, "percent_covered_display": "100", "missing_lines": 0, "excluded_lines": 0}, "missing_lines": [], "excluded_lines": [], "functions": {"": {"executed_lines": [1, 20, 28, 29, 35, 37, 53], "summary": {"covered_lines": 6, "num_statements": 6, "percent_covered": 100.0, "percent_covered_display": "100", "missing_lines": 0, "excluded_lines": 0}, "missing_lines": [], "excluded_lines": []}}, "classes": {"": {"executed_lines": [1, 20, 28, 29, 35, 37, 53], "summary": {"covered_lines": 6, "num_statements": 6, "percent_covered": 100.0, "percent_covered_display": "100", "missing_lines": 0, "excluded_lines": 0}, "missing_lines": [], "excluded_lines": []}}}, "src/agents/agent_chain.py": {"executed_lines": [1, 8, 9, 10, 11, 12, 15, 18, 19, 20, 21, 22, 23, 24, 25, 28, 29, 30, 31, 32, 33, 34, 35, 37, 42, 43, 44, 45, 46, 47, 48, 49, 50, 51, 52, 53, 55, 61, 69, 70, 77, 86, 118, 134, 138, 265, 281], "summary": {"covered_lines": 43, "num_statements": 132, "percent_covered": 32.57575757575758, "percent_covered_display": "33", "missing_lines": 89, "excluded_lines": 0}, "missing_lines": [39, 57, 58, 59, 63, 64, 65, 66, 78, 79, 80, 81, 82, 84, 107, 114, 115, 116, 132, 136, 155, 156, 158, 159, 162, 163, 165, 166, 167, 172, 173, 175, 177, 178, 179, 182, 185, 186, 191, 194, 195, 196, 197, 199, 200, 201, 203, 209, 212, 214, 215, 219, 220, 221, 222, 223, 225, 226, 228, 229, 230, 231, 232, 233, 234, 236, 237, 239, 240, 243, 244, 246, 258, 263, 267, 268, 270, 271, 272, 273, 274, 275, 276, 277, 279, 283, 284, 285, 287], "excluded_lines": [], "functions": {"ChainLink.get_name": {"executed_lines": [], "summary": {"covered_lines": 0, "num_statements": 1, "percent_covered": 0.0, "percent_covered_display": "0", "missing_lines": 1, "excluded_lines": 0}, "missing_lines": [39], "excluded_lines": []}, "ChainResult.get_link_output": {"executed_lines": [], "summary": {"covered_lines": 0, "num_statements": 3, "percent_covered": 0.0, "percent_covered_display": "0", "missing_lines": 3, "excluded_lines": 0}, "missing_lines": [57, 58, 59], "excluded_lines": []}, "ChainResult.get_link_by_name": {"executed_lines": [], "summary": {"covered_lines": 0, "num_statements": 4, "percent_covered": 0.0, "percent_covered_display": "0", "missing_lines": 4, "excluded_lines": 0}, "missing_lines": [63, 64, 65, 66], "excluded_lines": []}, "AgentChain.__init__": {"executed_lines": [], "summary": {"covered_lines": 0, "num_statements": 6, "percent_covered": 0.0, "percent_covered_display": "0", "missing_lines": 6, "excluded_lines": 0}, "missing_lines": [78, 79, 80, 81, 82, 84], "excluded_lines": []}, "AgentChain.add_link": {"executed_lines": [], "summary": {"covered_lines": 0, "num_statements": 4, "percent_covered": 0.0, "percent_covered_display": "0", "missing_lines": 4, "excluded_lines": 0}, "missing_lines": [107, 114, 115, 116], "excluded_lines": []}, "AgentChain.then": {"executed_lines": [], "summary": {"covered_lines": 0, "num_statements": 1, "percent_covered": 0.0, "percent_covered_display": "0", "missing_lines": 1, "excluded_lines": 0}, "missing_lines": [132], "excluded_lines": []}, "AgentChain.set_context": {"executed_lines": [], "summary": {"covered_lines": 0, "num_statements": 1, "percent_covered": 0.0, "percent_covered_display": "0", "missing_lines": 1, "excluded_lines": 0}, "missing_lines": [136], "excluded_lines": []}, "AgentChain.execute": {"executed_lines": [], "summary": {"covered_lines": 0, "num_statements": 54, "percent_covered": 0.0, "percent_covered_display": "0", "missing_lines": 54, "excluded_lines": 0}, "missing_lines": [155, 156, 158, 159, 162, 163, 165, 166, 167, 172, 173, 175, 177, 178, 179, 182, 185, 186, 191, 194, 195, 196, 197, 199, 200, 201, 203, 209, 212, 214, 215, 219, 220, 221, 222, 223, 225, 226, 228, 229, 230, 231, 232, 233, 234, 236, 237, 239, 240, 243, 244, 246, 258, 263], "excluded_lines": []}, "AgentChain.visualize": {"executed_lines": [], "summary": {"covered_lines": 0, "num_statements": 11, "percent_covered": 0.0, "percent_covered_display": "0", "missing_lines": 11, "excluded_lines": 0}, "missing_lines": [267, 268, 270, 271, 272, 273, 274, 275, 276, 277, 279], "excluded_lines": []}, "AgentChain.get_execution_summary": {"executed_lines": [], "summary": {"covered_lines": 0, "num_statements": 4, "percent_covered": 0.0, "percent_covered_display": "0", "missing_lines": 4, "excluded_lines": 0}, "missing_lines": [283, 284, 285, 287], "excluded_lines": []}, "": {"executed_lines": [1, 8, 9, 10, 11, 12, 15, 18, 19, 20, 21, 22, 23, 24, 25, 28, 29, 30, 31, 32, 33, 34, 35, 37, 42, 43, 44, 45, 46, 47, 48, 49, 50, 51, 52, 53, 55, 61, 69, 70, 77, 86, 118, 134, 138, 265, 281], "summary": {"covered_lines": 43, "num_statements": 43, "percent_covered": 100.0, "percent_covered_display": "100", "missing_lines": 0, "excluded_lines": 0}, "missing_lines": [], "excluded_lines": []}}, "classes": {"ChainLink": {"executed_lines": [], "summary": {"covered_lines": 0, "num_statements": 1, "percent_covered": 0.0, "percent_covered_display": "0", "missing_lines": 1, "excluded_lines": 0}, "missing_lines": [39], "excluded_lines": []}, "ChainResult": {"executed_lines": [], "summary": {"covered_lines": 0, "num_statements": 7, "percent_covered": 0.0, "percent_covered_display": "0", "missing_lines": 7, "excluded_lines": 0}, "missing_lines": [57, 58, 59, 63, 64, 65, 66], "excluded_lines": []}, "AgentChain": {"executed_lines": [], "summary": {"covered_lines": 0, "num_statements": 81, "percent_covered": 0.0, "percent_covered_display": "0", "missing_lines": 81, "excluded_lines": 0}, "missing_lines": [78, 79, 80, 81, 82, 84, 107, 114, 115, 116, 132, 136, 155, 156, 158, 159, 162, 163, 165, 166, 167, 172, 173, 175, 177, 178, 179, 182, 185, 186, 191, 194, 195, 196, 197, 199, 200, 201, 203, 209, 212, 214, 215, 219, 220, 221, 222, 223, 225, 226, 228, 229, 230, 231, 232, 233, 234, 236, 237, 239, 240, 243, 244, 246, 258, 263, 267, 268, 270, 271, 272, 273, 274, 275, 276, 277, 279, 283, 284, 285, 287], "excluded_lines": []}, "": {"executed_lines": [1, 8, 9, 10, 11, 12, 15, 18, 19, 20, 21, 22, 23, 24, 25, 28, 29, 30, 31, 32, 33, 34, 35, 37, 42, 43, 44, 45, 46, 47, 48, 49, 50, 51, 52, 53, 55, 61, 69, 70, 77, 86, 118, 134, 138, 265, 281], "summary": {"covered_lines": 43, "num_statements": 43, "percent_covered": 100.0, "percent_covered_display": "100", "missing_lines": 0, "excluded_lines": 0}, "missing_lines": [], "excluded_lines": []}}}, "src/agents/base.py": {"executed_lines": [1, 23, 24, 25, 26, 27, 30, 31, 46, 47, 48, 49, 50, 51, 52, 55, 56, 75, 76, 77, 78, 79, 80, 81, 82, 83, 84, 85, 88, 89, 90, 104, 105, 106, 107, 108, 109, 110, 113, 114, 115, 129, 130, 131, 132, 133, 134, 135, 138, 139, 140, 157, 158, 159, 160, 161, 162, 163, 164, 165, 168, 169, 207, 220, 221, 222, 233, 235, 247, 248, 249, 250, 252, 253, 254, 256, 257, 299, 300, 337, 338, 377, 476, 509, 546], "summary": {"covered_lines": 78, "num_statements": 113, "percent_covered": 69.02654867256638, "percent_covered_display": "69", "missing_lines": 35, "excluded_lines": 0}, "missing_lines": [224, 245, 297, 335, 375, 410, 411, 413, 415, 417, 418, 423, 425, 427, 429, 430, 431, 433, 434, 437, 438, 445, 450, 451, 462, 463, 464, 502, 537, 540, 541, 542, 544, 569, 576], "excluded_lines": [], "functions": {"BaseAgent.__init__": {"executed_lines": [220, 221, 222, 233, 235, 247, 248, 249, 250, 252, 253, 254], "summary": {"covered_lines": 12, "num_statements": 14, "percent_covered": 85.71428571428571, "percent_covered_display": "86", "missing_lines": 2, "excluded_lines": 0}, "missing_lines": [224, 245], "excluded_lines": []}, "BaseAgent.plan": {"executed_lines": [], "summary": {"covered_lines": 0, "num_statements": 1, "percent_covered": 0.0, "percent_covered_display": "0", "missing_lines": 1, "excluded_lines": 0}, "missing_lines": [297], "excluded_lines": []}, "BaseAgent.execute_step": {"executed_lines": [], "summary": {"covered_lines": 0, "num_statements": 1, "percent_covered": 0.0, "percent_covered_display": "0", "missing_lines": 1, "excluded_lines": 0}, "missing_lines": [335], "excluded_lines": []}, "BaseAgent.validate_safety": {"executed_lines": [], "summary": {"covered_lines": 0, "num_statements": 1, "percent_covered": 0.0, "percent_covered_display": "0", "missing_lines": 1, "excluded_lines": 0}, "missing_lines": [375], "excluded_lines": []}, "BaseAgent.run": {"executed_lines": [], "summary": {"covered_lines": 0, "num_statements": 22, "percent_covered": 0.0, "percent_covered_display": "0", "missing_lines": 22, "excluded_lines": 0}, "missing_lines": [410, 411, 413, 415, 417, 418, 423, 425, 427, 429, 430, 431, 433, 434, 437, 438, 445, 450, 451, 462, 463, 464], "excluded_lines": []}, "BaseAgent._request_approval": {"executed_lines": [], "summary": {"covered_lines": 0, "num_statements": 1, "percent_covered": 0.0, "percent_covered_display": "0", "missing_lines": 1, "excluded_lines": 0}, "missing_lines": [502], "excluded_lines": []}, "BaseAgent._aggregate_results": {"executed_lines": [], "summary": {"covered_lines": 0, "num_statements": 5, "percent_covered": 0.0, "percent_covered_display": "0", "missing_lines": 5, "excluded_lines": 0}, "missing_lines": [537, 540, 541, 542, 544], "excluded_lines": []}, "BaseAgent._generate_reasoning": {"executed_lines": [], "summary": {"covered_lines": 0, "num_statements": 2, "percent_covered": 0.0, "percent_covered_display": "0", "missing_lines": 2, "excluded_lines": 0}, "missing_lines": [569, 576], "excluded_lines": []}, "": {"executed_lines": [1, 23, 24, 25, 26, 27, 30, 31, 46, 47, 48, 49, 50, 51, 52, 55, 56, 75, 76, 77, 78, 79, 80, 81, 82, 83, 84, 85, 88, 89, 90, 104, 105, 106, 107, 108, 109, 110, 113, 114, 115, 129, 130, 131, 132, 133, 134, 135, 138, 139, 140, 157, 158, 159, 160, 161, 162, 163, 164, 165, 168, 169, 207, 256, 257, 299, 300, 337, 338, 377, 476, 509, 546], "summary": {"covered_lines": 66, "num_statements": 66, "percent_covered": 100.0, "percent_covered_display": "100", "missing_lines": 0, "excluded_lines": 0}, "missing_lines": [], "excluded_lines": []}}, "classes": {"AgentState": {"executed_lines": [], "summary": {"covered_lines": 0, "num_statements": 0, "percent_covered": 100.0, "percent_covered_display": "100", "missing_lines": 0, "excluded_lines": 0}, "missing_lines": [], "excluded_lines": []}, "AgentCapability": {"executed_lines": [], "summary": {"covered_lines": 0, "num_statements": 0, "percent_covered": 100.0, "percent_covered_display": "100", "missing_lines": 0, "excluded_lines": 0}, "missing_lines": [], "excluded_lines": []}, "AgentConfig": {"executed_lines": [], "summary": {"covered_lines": 0, "num_statements": 0, "percent_covered": 100.0, "percent_covered_display": "100", "missing_lines": 0, "excluded_lines": 0}, "missing_lines": [], "excluded_lines": []}, "TaskContext": {"executed_lines": [], "summary": {"covered_lines": 0, "num_statements": 0, "percent_covered": 100.0, "percent_covered_display": "100", "missing_lines": 0, "excluded_lines": 0}, "missing_lines": [], "excluded_lines": []}, "TaskResult": {"executed_lines": [], "summary": {"covered_lines": 0, "num_statements": 0, "percent_covered": 100.0, "percent_covered_display": "100", "missing_lines": 0, "excluded_lines": 0}, "missing_lines": [], "excluded_lines": []}, "BaseAgent": {"executed_lines": [220, 221, 222, 233, 235, 247, 248, 249, 250, 252, 253, 254], "summary": {"covered_lines": 12, "num_statements": 47, "percent_covered": 25.53191489361702, "percent_covered_display": "26", "missing_lines": 35, "excluded_lines": 0}, "missing_lines": [224, 245, 297, 335, 375, 410, 411, 413, 415, 417, 418, 423, 425, 427, 429, 430, 431, 433, 434, 437, 438, 445, 450, 451, 462, 463, 464, 502, 537, 540, 541, 542, 544, 569, 576], "excluded_lines": []}, "": {"executed_lines": [1, 23, 24, 25, 26, 27, 30, 31, 46, 47, 48, 49, 50, 51, 52, 55, 56, 75, 76, 77, 78, 79, 80, 81, 82, 83, 84, 85, 88, 89, 90, 104, 105, 106, 107, 108, 109, 110, 113, 114, 115, 129, 130, 131, 132, 133, 134, 135, 138, 139, 140, 157, 158, 159, 160, 161, 162, 163, 164, 165, 168, 169, 207, 256, 257, 299, 300, 337, 338, 377, 476, 509, 546], "summary": {"covered_lines": 66, "num_statements": 66, "percent_covered": 100.0, "percent_covered_display": "100", "missing_lines": 0, "excluded_lines": 0}, "missing_lines": [], "excluded_lines": []}}}, "src/agents/coordinator.py": {"executed_lines": [], "summary": {"covered_lines": 0, "num_statements": 45, "percent_covered": 0.0, "percent_covered_display": "0", "missing_lines": 45, "excluded_lines": 0}, "missing_lines": [3, 4, 5, 6, 7, 11, 14, 15, 17, 19, 26, 27, 29, 30, 31, 32, 33, 35, 36, 37, 40, 43, 44, 46, 48, 56, 58, 65, 68, 69, 70, 72, 74, 76, 77, 85, 86, 87, 88, 89, 90, 91, 96, 98, 100], "excluded_lines": [], "functions": {"AgentCoordinator.__init__": {"executed_lines": [], "summary": {"covered_lines": 0, "num_statements": 1, "percent_covered": 0.0, "percent_covered_display": "0", "missing_lines": 1, "excluded_lines": 0}, "missing_lines": [15], "excluded_lines": []}, "AgentCoordinator.orchestrate_task": {"executed_lines": [], "summary": {"covered_lines": 0, "num_statements": 1, "percent_covered": 0.0, "percent_covered_display": "0", "missing_lines": 1, "excluded_lines": 0}, "missing_lines": [19], "excluded_lines": []}, "AgentMessage.__post_init__": {"executed_lines": [], "summary": {"covered_lines": 0, "num_statements": 2, "percent_covered": 0.0, "percent_covered_display": "0", "missing_lines": 2, "excluded_lines": 0}, "missing_lines": [36, 37], "excluded_lines": []}, "WorkflowRecovery.__init__": {"executed_lines": [], "summary": {"covered_lines": 0, "num_statements": 1, "percent_covered": 0.0, "percent_covered_display": "0", "missing_lines": 1, "excluded_lines": 0}, "missing_lines": [44], "excluded_lines": []}, "WorkflowRecovery.create_strategy": {"executed_lines": [], "summary": {"covered_lines": 0, "num_statements": 1, "percent_covered": 0.0, "percent_covered_display": "0", "missing_lines": 1, "excluded_lines": 0}, "missing_lines": [48], "excluded_lines": []}, "WorkflowRecovery.execute_recovery": {"executed_lines": [], "summary": {"covered_lines": 0, "num_statements": 1, "percent_covered": 0.0, "percent_covered_display": "0", "missing_lines": 1, "excluded_lines": 0}, "missing_lines": [58], "excluded_lines": []}, "ParallelExecutor.__init__": {"executed_lines": [], "summary": {"covered_lines": 0, "num_statements": 2, "percent_covered": 0.0, "percent_covered_display": "0", "missing_lines": 2, "excluded_lines": 0}, "missing_lines": [69, 70], "excluded_lines": []}, "ParallelExecutor.execute_parallel": {"executed_lines": [], "summary": {"covered_lines": 0, "num_statements": 10, "percent_covered": 0.0, "percent_covered_display": "0", "missing_lines": 10, "excluded_lines": 0}, "missing_lines": [74, 76, 85, 86, 87, 88, 89, 90, 91, 96], "excluded_lines": []}, "ParallelExecutor.execute_parallel.execute_task": {"executed_lines": [], "summary": {"covered_lines": 0, "num_statements": 1, "percent_covered": 0.0, "percent_covered_display": "0", "missing_lines": 1, "excluded_lines": 0}, "missing_lines": [77], "excluded_lines": []}, "ParallelExecutor.shutdown": {"executed_lines": [], "summary": {"covered_lines": 0, "num_statements": 1, "percent_covered": 0.0, "percent_covered_display": "0", "missing_lines": 1, "excluded_lines": 0}, "missing_lines": [100], "excluded_lines": []}, "": {"executed_lines": [], "summary": {"covered_lines": 0, "num_statements": 24, "percent_covered": 0.0, "percent_covered_display": "0", "missing_lines": 24, "excluded_lines": 0}, "missing_lines": [3, 4, 5, 6, 7, 11, 14, 17, 26, 27, 29, 30, 31, 32, 33, 35, 40, 43, 46, 56, 65, 68, 72, 98], "excluded_lines": []}}, "classes": {"AgentCoordinator": {"executed_lines": [], "summary": {"covered_lines": 0, "num_statements": 2, "percent_covered": 0.0, "percent_covered_display": "0", "missing_lines": 2, "excluded_lines": 0}, "missing_lines": [15, 19], "excluded_lines": []}, "AgentMessage": {"executed_lines": [], "summary": {"covered_lines": 0, "num_statements": 2, "percent_covered": 0.0, "percent_covered_display": "0", "missing_lines": 2, "excluded_lines": 0}, "missing_lines": [36, 37], "excluded_lines": []}, "WorkflowRecovery": {"executed_lines": [], "summary": {"covered_lines": 0, "num_statements": 3, "percent_covered": 0.0, "percent_covered_display": "0", "missing_lines": 3, "excluded_lines": 0}, "missing_lines": [44, 48, 58], "excluded_lines": []}, "ParallelExecutor": {"executed_lines": [], "summary": {"covered_lines": 0, "num_statements": 14, "percent_covered": 0.0, "percent_covered_display": "0", "missing_lines": 14, "excluded_lines": 0}, "missing_lines": [69, 70, 74, 76, 77, 85, 86, 87, 88, 89, 90, 91, 96, 100], "excluded_lines": []}, "": {"executed_lines": [], "summary": {"covered_lines": 0, "num_statements": 24, "percent_covered": 0.0, "percent_covered_display": "0", "missing_lines": 24, "excluded_lines": 0}, "missing_lines": [3, 4, 5, 6, 7, 11, 14, 17, 26, 27, 29, 30, 31, 32, 33, 35, 40, 43, 46, 56, 65, 68, 72, 98], "excluded_lines": []}}}, "src/agents/coordinator_mocks.py": {"executed_lines": [], "summary": {"covered_lines": 0, "num_statements": 78, "percent_covered": 0.0, "percent_covered_display": "0", "missing_lines": 78, "excluded_lines": 0}, "missing_lines": [8, 9, 10, 13, 16, 17, 19, 21, 23, 25, 26, 27, 29, 31, 34, 37, 38, 39, 41, 43, 44, 46, 48, 49, 52, 53, 59, 62, 65, 66, 67, 68, 69, 70, 73, 76, 77, 79, 81, 82, 83, 85, 87, 89, 91, 92, 98, 100, 102, 108, 111, 114, 115, 117, 119, 126, 129, 130, 132, 134, 135, 137, 139, 140, 142, 145, 148, 151, 152, 154, 156, 157, 159, 160, 161, 162, 163, 164], "excluded_lines": [], "functions": {"TaskQueue.__init__": {"executed_lines": [], "summary": {"covered_lines": 0, "num_statements": 1, "percent_covered": 0.0, "percent_covered_display": "0", "missing_lines": 1, "excluded_lines": 0}, "missing_lines": [17], "excluded_lines": []}, "TaskQueue.enqueue": {"executed_lines": [], "summary": {"covered_lines": 0, "num_statements": 1, "percent_covered": 0.0, "percent_covered_display": "0", "missing_lines": 1, "excluded_lines": 0}, "missing_lines": [21], "excluded_lines": []}, "TaskQueue.dequeue": {"executed_lines": [], "summary": {"covered_lines": 0, "num_statements": 3, "percent_covered": 0.0, "percent_covered_display": "0", "missing_lines": 3, "excluded_lines": 0}, "missing_lines": [25, 26, 27], "excluded_lines": []}, "TaskQueue.size": {"executed_lines": [], "summary": {"covered_lines": 0, "num_statements": 1, "percent_covered": 0.0, "percent_covered_display": "0", "missing_lines": 1, "excluded_lines": 0}, "missing_lines": [31], "excluded_lines": []}, "AgentCoordinator.__init__": {"executed_lines": [], "summary": {"covered_lines": 0, "num_statements": 2, "percent_covered": 0.0, "percent_covered_display": "0", "missing_lines": 2, "excluded_lines": 0}, "missing_lines": [38, 39], "excluded_lines": []}, "AgentCoordinator.register_agent": {"executed_lines": [], "summary": {"covered_lines": 0, "num_statements": 2, "percent_covered": 0.0, "percent_covered_display": "0", "missing_lines": 2, "excluded_lines": 0}, "missing_lines": [43, 44], "excluded_lines": []}, "AgentCoordinator.assign_task": {"executed_lines": [], "summary": {"covered_lines": 0, "num_statements": 5, "percent_covered": 0.0, "percent_covered_display": "0", "missing_lines": 5, "excluded_lines": 0}, "missing_lines": [48, 49, 52, 53, 59], "excluded_lines": []}, "AgentMessage.__init__": {"executed_lines": [], "summary": {"covered_lines": 0, "num_statements": 5, "percent_covered": 0.0, "percent_covered_display": "0", "missing_lines": 5, "excluded_lines": 0}, "missing_lines": [66, 67, 68, 69, 70], "excluded_lines": []}, "MessageBus.__init__": {"executed_lines": [], "summary": {"covered_lines": 0, "num_statements": 1, "percent_covered": 0.0, "percent_covered_display": "0", "missing_lines": 1, "excluded_lines": 0}, "missing_lines": [77], "excluded_lines": []}, "MessageBus.send_message": {"executed_lines": [], "summary": {"covered_lines": 0, "num_statements": 3, "percent_covered": 0.0, "percent_covered_display": "0", "missing_lines": 3, "excluded_lines": 0}, "missing_lines": [81, 82, 83], "excluded_lines": []}, "MessageBus.get_messages": {"executed_lines": [], "summary": {"covered_lines": 0, "num_statements": 1, "percent_covered": 0.0, "percent_covered_display": "0", "missing_lines": 1, "excluded_lines": 0}, "missing_lines": [87], "excluded_lines": []}, "MessageBus.broadcast": {"executed_lines": [], "summary": {"covered_lines": 0, "num_statements": 3, "percent_covered": 0.0, "percent_covered_display": "0", "missing_lines": 3, "excluded_lines": 0}, "missing_lines": [91, 92, 98], "excluded_lines": []}, "MessageBus.route_message": {"executed_lines": [], "summary": {"covered_lines": 0, "num_statements": 2, "percent_covered": 0.0, "percent_covered_display": "0", "missing_lines": 2, "excluded_lines": 0}, "missing_lines": [102, 108], "excluded_lines": []}, "TaskOrchestrator.__init__": {"executed_lines": [], "summary": {"covered_lines": 0, "num_statements": 1, "percent_covered": 0.0, "percent_covered_display": "0", "missing_lines": 1, "excluded_lines": 0}, "missing_lines": [115], "excluded_lines": []}, "TaskOrchestrator.distribute_task": {"executed_lines": [], "summary": {"covered_lines": 0, "num_statements": 1, "percent_covered": 0.0, "percent_covered_display": "0", "missing_lines": 1, "excluded_lines": 0}, "missing_lines": [119], "excluded_lines": []}, "LoadBalancer.__init__": {"executed_lines": [], "summary": {"covered_lines": 0, "num_statements": 1, "percent_covered": 0.0, "percent_covered_display": "0", "missing_lines": 1, "excluded_lines": 0}, "missing_lines": [130], "excluded_lines": []}, "LoadBalancer.select_agent": {"executed_lines": [], "summary": {"covered_lines": 0, "num_statements": 7, "percent_covered": 0.0, "percent_covered_display": "0", "missing_lines": 7, "excluded_lines": 0}, "missing_lines": [134, 135, 137, 139, 140, 142, 145], "excluded_lines": []}, "ParallelExecutor.__init__": {"executed_lines": [], "summary": {"covered_lines": 0, "num_statements": 1, "percent_covered": 0.0, "percent_covered_display": "0", "missing_lines": 1, "excluded_lines": 0}, "missing_lines": [152], "excluded_lines": []}, "ParallelExecutor.execute_parallel": {"executed_lines": [], "summary": {"covered_lines": 0, "num_statements": 8, "percent_covered": 0.0, "percent_covered_display": "0", "missing_lines": 8, "excluded_lines": 0}, "missing_lines": [156, 157, 159, 160, 161, 162, 163, 164], "excluded_lines": []}, "": {"executed_lines": [], "summary": {"covered_lines": 0, "num_statements": 29, "percent_covered": 0.0, "percent_covered_display": "0", "missing_lines": 29, "excluded_lines": 0}, "missing_lines": [8, 9, 10, 13, 16, 19, 23, 29, 34, 37, 41, 46, 62, 65, 73, 76, 79, 85, 89, 100, 111, 114, 117, 126, 129, 132, 148, 151, 154], "excluded_lines": []}}, "classes": {"TaskQueue": {"executed_lines": [], "summary": {"covered_lines": 0, "num_statements": 6, "percent_covered": 0.0, "percent_covered_display": "0", "missing_lines": 6, "excluded_lines": 0}, "missing_lines": [17, 21, 25, 26, 27, 31], "excluded_lines": []}, "AgentCoordinator": {"executed_lines": [], "summary": {"covered_lines": 0, "num_statements": 9, "percent_covered": 0.0, "percent_covered_display": "0", "missing_lines": 9, "excluded_lines": 0}, "missing_lines": [38, 39, 43, 44, 48, 49, 52, 53, 59], "excluded_lines": []}, "AgentMessage": {"executed_lines": [], "summary": {"covered_lines": 0, "num_statements": 5, "percent_covered": 0.0, "percent_covered_display": "0", "missing_lines": 5, "excluded_lines": 0}, "missing_lines": [66, 67, 68, 69, 70], "excluded_lines": []}, "MessageBus": {"executed_lines": [], "summary": {"covered_lines": 0, "num_statements": 10, "percent_covered": 0.0, "percent_covered_display": "0", "missing_lines": 10, "excluded_lines": 0}, "missing_lines": [77, 81, 82, 83, 87, 91, 92, 98, 102, 108], "excluded_lines": []}, "TaskOrchestrator": {"executed_lines": [], "summary": {"covered_lines": 0, "num_statements": 2, "percent_covered": 0.0, "percent_covered_display": "0", "missing_lines": 2, "excluded_lines": 0}, "missing_lines": [115, 119], "excluded_lines": []}, "LoadBalancer": {"executed_lines": [], "summary": {"covered_lines": 0, "num_statements": 8, "percent_covered": 0.0, "percent_covered_display": "0", "missing_lines": 8, "excluded_lines": 0}, "missing_lines": [130, 134, 135, 137, 139, 140, 142, 145], "excluded_lines": []}, "ParallelExecutor": {"executed_lines": [], "summary": {"covered_lines": 0, "num_statements": 9, "percent_covered": 0.0, "percent_covered_display": "0", "missing_lines": 9, "excluded_lines": 0}, "missing_lines": [152, 156, 157, 159, 160, 161, 162, 163, 164], "excluded_lines": []}, "": {"executed_lines": [], "summary": {"covered_lines": 0, "num_statements": 29, "percent_covered": 0.0, "percent_covered_display": "0", "missing_lines": 29, "excluded_lines": 0}, "missing_lines": [8, 9, 10, 13, 16, 19, 23, 29, 34, 37, 41, 46, 62, 65, 73, 76, 79, 85, 89, 100, 111, 114, 117, 126, 129, 132, 148, 151, 154], "excluded_lines": []}}}, "src/agents/database/__init__.py": {"executed_lines": [1, 13, 15], "summary": {"covered_lines": 2, "num_statements": 2, "percent_covered": 100.0, "percent_covered_display": "100", "missing_lines": 0, "excluded_lines": 0}, "missing_lines": [], "excluded_lines": [], "functions": {"": {"executed_lines": [1, 13, 15], "summary": {"covered_lines": 2, "num_statements": 2, "percent_covered": 100.0, "percent_covered_display": "100", "missing_lines": 0, "excluded_lines": 0}, "missing_lines": [], "excluded_lines": []}}, "classes": {"": {"executed_lines": [1, 13, 15], "summary": {"covered_lines": 2, "num_statements": 2, "percent_covered": 100.0, "percent_covered_display": "100", "missing_lines": 0, "excluded_lines": 0}, "missing_lines": [], "excluded_lines": []}}}, "src/agents/database/backup.py": {"executed_lines": [1, 19, 20, 28, 31, 32, 93, 147, 148, 150, 152, 154, 176, 178, 201, 203, 204, 227, 228, 229, 238, 240, 278, 279, 282, 284, 285, 289, 296, 298, 300, 342, 343, 346, 355, 361, 362, 363, 366, 367, 368, 369, 375, 376, 379, 380, 381, 382, 387, 394, 397, 398, 399, 400, 404, 410, 411, 412, 413, 416, 419, 421, 431], "summary": {"covered_lines": 61, "num_statements": 91, "percent_covered": 67.03296703296704, "percent_covered_display": "67", "missing_lines": 30, "excluded_lines": 0}, "missing_lines": [417, 424, 425, 426, 427, 429, 457, 463, 464, 465, 468, 469, 471, 472, 473, 476, 477, 480, 481, 483, 484, 487, 488, 491, 492, 495, 496, 498, 499, 501], "excluded_lines": [], "functions": {"BackupAgent.plan": {"executed_lines": [147, 148, 150, 152, 154, 176, 178, 201, 203, 204, 227, 228, 229, 238], "summary": {"covered_lines": 14, "num_statements": 14, "percent_covered": 100.0, "percent_covered_display": "100", "missing_lines": 0, "excluded_lines": 0}, "missing_lines": [], "excluded_lines": []}, "BackupAgent.execute_step": {"executed_lines": [278, 279, 282, 284, 285, 289, 296, 298], "summary": {"covered_lines": 8, "num_statements": 8, "percent_covered": 100.0, "percent_covered_display": "100", "missing_lines": 0, "excluded_lines": 0}, "missing_lines": [], "excluded_lines": []}, "BackupAgent.validate_safety": {"executed_lines": [342, 343, 346, 355, 361, 362, 363, 366, 367, 368, 369, 375, 376, 379, 380, 381, 382, 387, 394, 397, 398, 399, 400, 404, 410, 411, 412, 413, 416, 419, 421], "summary": {"covered_lines": 31, "num_statements": 37, "percent_covered": 83.78378378378379, "percent_covered_display": "84", "missing_lines": 6, "excluded_lines": 0}, "missing_lines": [417, 424, 425, 426, 427, 429], "excluded_lines": []}, "BackupAgent._aggregate_results": {"executed_lines": [], "summary": {"covered_lines": 0, "num_statements": 24, "percent_covered": 0.0, "percent_covered_display": "0", "missing_lines": 24, "excluded_lines": 0}, "missing_lines": [457, 463, 464, 465, 468, 469, 471, 472, 473, 476, 477, 480, 481, 483, 484, 487, 488, 491, 492, 495, 496, 498, 499, 501], "excluded_lines": []}, "": {"executed_lines": [1, 19, 20, 28, 31, 32, 93, 240, 300, 431], "summary": {"covered_lines": 8, "num_statements": 8, "percent_covered": 100.0, "percent_covered_display": "100", "missing_lines": 0, "excluded_lines": 0}, "missing_lines": [], "excluded_lines": []}}, "classes": {"BackupAgent": {"executed_lines": [147, 148, 150, 152, 154, 176, 178, 201, 203, 204, 227, 228, 229, 238, 278, 279, 282, 284, 285, 289, 296, 298, 342, 343, 346, 355, 361, 362, 363, 366, 367, 368, 369, 375, 376, 379, 380, 381, 382, 387, 394, 397, 398, 399, 400, 404, 410, 411, 412, 413, 416, 419, 421], "summary": {"covered_lines": 53, "num_statements": 83, "percent_covered": 63.855421686746986, "percent_covered_display": "64", "missing_lines": 30, "excluded_lines": 0}, "missing_lines": [417, 424, 425, 426, 427, 429, 457, 463, 464, 465, 468, 469, 471, 472, 473, 476, 477, 480, 481, 483, 484, 487, 488, 491, 492, 495, 496, 498, 499, 501], "excluded_lines": []}, "": {"executed_lines": [1, 19, 20, 28, 31, 32, 93, 240, 300, 431], "summary": {"covered_lines": 8, "num_statements": 8, "percent_covered": 100.0, "percent_covered_display": "100", "missing_lines": 0, "excluded_lines": 0}, "missing_lines": [], "excluded_lines": []}}}, "src/agents/database/backup_manager.py": {"executed_lines": [1, 7, 8, 9, 10, 13, 14, 16, 20, 59, 87, 100], "summary": {"covered_lines": 10, "num_statements": 31, "percent_covered": 32.25806451612903, "percent_covered_display": "32", "missing_lines": 21, "excluded_lines": 0}, "missing_lines": [18, 36, 39, 42, 43, 45, 56, 57, 73, 74, 75, 80, 96, 97, 98, 109, 110, 112, 113, 114, 115], "excluded_lines": [], "functions": {"BackupManager.__init__": {"executed_lines": [], "summary": {"covered_lines": 0, "num_statements": 1, "percent_covered": 0.0, "percent_covered_display": "0", "missing_lines": 1, "excluded_lines": 0}, "missing_lines": [18], "excluded_lines": []}, "BackupManager.create_backup": {"executed_lines": [], "summary": {"covered_lines": 0, "num_statements": 7, "percent_covered": 0.0, "percent_covered_display": "0", "missing_lines": 7, "excluded_lines": 0}, "missing_lines": [36, 39, 42, 43, 45, 56, 57], "excluded_lines": []}, "BackupManager.restore_backup": {"executed_lines": [], "summary": {"covered_lines": 0, "num_statements": 4, "percent_covered": 0.0, "percent_covered_display": "0", "missing_lines": 4, "excluded_lines": 0}, "missing_lines": [73, 74, 75, 80], "excluded_lines": []}, "BackupManager.list_backups": {"executed_lines": [], "summary": {"covered_lines": 0, "num_statements": 3, "percent_covered": 0.0, "percent_covered_display": "0", "missing_lines": 3, "excluded_lines": 0}, "missing_lines": [96, 97, 98], "excluded_lines": []}, "BackupManager.delete_backup": {"executed_lines": [], "summary": {"covered_lines": 0, "num_statements": 6, "percent_covered": 0.0, "percent_covered_display": "0", "missing_lines": 6, "excluded_lines": 0}, "missing_lines": [109, 110, 112, 113, 114, 115], "excluded_lines": []}, "": {"executed_lines": [1, 7, 8, 9, 10, 13, 14, 16, 20, 59, 87, 100], "summary": {"covered_lines": 10, "num_statements": 10, "percent_covered": 100.0, "percent_covered_display": "100", "missing_lines": 0, "excluded_lines": 0}, "missing_lines": [], "excluded_lines": []}}, "classes": {"BackupManager": {"executed_lines": [], "summary": {"covered_lines": 0, "num_statements": 21, "percent_covered": 0.0, "percent_covered_display": "0", "missing_lines": 21, "excluded_lines": 0}, "missing_lines": [18, 36, 39, 42, 43, 45, 56, 57, 73, 74, 75, 80, 96, 97, 98, 109, 110, 112, 113, 114, 115], "excluded_lines": []}, "": {"executed_lines": [1, 7, 8, 9, 10, 13, 14, 16, 20, 59, 87, 100], "summary": {"covered_lines": 10, "num_statements": 10, "percent_covered": 100.0, "percent_covered_display": "100", "missing_lines": 0, "excluded_lines": 0}, "missing_lines": [], "excluded_lines": []}}}, "src/agents/database/migration.py": {"executed_lines": [1, 55, 56, 59, 60, 131, 216, 300, 379, 442, 499, 633], "summary": {"covered_lines": 10, "num_statements": 75, "percent_covered": 13.333333333333334, "percent_covered_display": "13", "missing_lines": 65, "excluded_lines": 0}, "missing_lines": [205, 207, 208, 209, 210, 211, 212, 214, 230, 231, 233, 298, 313, 314, 316, 377, 392, 393, 394, 396, 440, 477, 478, 481, 483, 484, 487, 495, 497, 546, 549, 558, 559, 560, 561, 567, 575, 576, 577, 578, 583, 590, 591, 592, 593, 596, 597, 598, 599, 602, 603, 604, 605, 608, 609, 610, 611, 615, 623, 624, 625, 628, 629, 631, 645], "excluded_lines": [], "functions": {"MigrationAgent.plan": {"executed_lines": [], "summary": {"covered_lines": 0, "num_statements": 8, "percent_covered": 0.0, "percent_covered_display": "0", "missing_lines": 8, "excluded_lines": 0}, "missing_lines": [205, 207, 208, 209, 210, 211, 212, 214], "excluded_lines": []}, "MigrationAgent._plan_schema_change": {"executed_lines": [], "summary": {"covered_lines": 0, "num_statements": 4, "percent_covered": 0.0, "percent_covered_display": "0", "missing_lines": 4, "excluded_lines": 0}, "missing_lines": [230, 231, 233, 298], "excluded_lines": []}, "MigrationAgent._plan_data_migration": {"executed_lines": [], "summary": {"covered_lines": 0, "num_statements": 4, "percent_covered": 0.0, "percent_covered_display": "0", "missing_lines": 4, "excluded_lines": 0}, "missing_lines": [313, 314, 316, 377], "excluded_lines": []}, "MigrationAgent._plan_rollback": {"executed_lines": [], "summary": {"covered_lines": 0, "num_statements": 5, "percent_covered": 0.0, "percent_covered_display": "0", "missing_lines": 5, "excluded_lines": 0}, "missing_lines": [392, 393, 394, 396, 440], "excluded_lines": []}, "MigrationAgent.execute_step": {"executed_lines": [], "summary": {"covered_lines": 0, "num_statements": 8, "percent_covered": 0.0, "percent_covered_display": "0", "missing_lines": 8, "excluded_lines": 0}, "missing_lines": [477, 478, 481, 483, 484, 487, 495, 497], "excluded_lines": []}, "MigrationAgent.validate_safety": {"executed_lines": [], "summary": {"covered_lines": 0, "num_statements": 35, "percent_covered": 0.0, "percent_covered_display": "0", "missing_lines": 35, "excluded_lines": 0}, "missing_lines": [546, 549, 558, 559, 560, 561, 567, 575, 576, 577, 578, 583, 590, 591, 592, 593, 596, 597, 598, 599, 602, 603, 604, 605, 608, 609, 610, 611, 615, 623, 624, 625, 628, 629, 631], "excluded_lines": []}, "MigrationAgent._get_database_module": {"executed_lines": [], "summary": {"covered_lines": 0, "num_statements": 1, "percent_covered": 0.0, "percent_covered_display": "0", "missing_lines": 1, "excluded_lines": 0}, "missing_lines": [645], "excluded_lines": []}, "": {"executed_lines": [1, 55, 56, 59, 60, 131, 216, 300, 379, 442, 499, 633], "summary": {"covered_lines": 10, "num_statements": 10, "percent_covered": 100.0, "percent_covered_display": "100", "missing_lines": 0, "excluded_lines": 0}, "missing_lines": [], "excluded_lines": []}}, "classes": {"MigrationAgent": {"executed_lines": [], "summary": {"covered_lines": 0, "num_statements": 65, "percent_covered": 0.0, "percent_covered_display": "0", "missing_lines": 65, "excluded_lines": 0}, "missing_lines": [205, 207, 208, 209, 210, 211, 212, 214, 230, 231, 233, 298, 313, 314, 316, 377, 392, 393, 394, 396, 440, 477, 478, 481, 483, 484, 487, 495, 497, 546, 549, 558, 559, 560, 561, 567, 575, 576, 577, 578, 583, 590, 591, 592, 593, 596, 597, 598, 599, 602, 603, 604, 605, 608, 609, 610, 611, 615, 623, 624, 625, 628, 629, 631, 645], "excluded_lines": []}, "": {"executed_lines": [1, 55, 56, 59, 60, 131, 216, 300, 379, 442, 499, 633], "summary": {"covered_lines": 10, "num_statements": 10, "percent_covered": 100.0, "percent_covered_display": "100", "missing_lines": 0, "excluded_lines": 0}, "missing_lines": [], "excluded_lines": []}}}, "src/agents/database/optimizer.py": {"executed_lines": [1, 19, 20, 23, 24, 68, 86, 142, 189, 249, 296, 345, 433], "summary": {"covered_lines": 11, "num_statements": 98, "percent_covered": 11.224489795918368, "percent_covered_display": "11", "missing_lines": 87, "excluded_lines": 0}, "missing_lines": [84, 128, 130, 131, 132, 133, 134, 135, 137, 157, 159, 187, 204, 205, 207, 237, 238, 247, 264, 266, 294, 326, 327, 330, 331, 332, 335, 341, 343, 380, 381, 384, 394, 395, 396, 399, 400, 401, 404, 405, 406, 407, 408, 409, 410, 411, 414, 415, 416, 417, 418, 419, 422, 423, 424, 427, 428, 429, 431, 467, 477, 478, 479, 481, 484, 485, 486, 487, 488, 489, 492, 493, 494, 496, 498, 499, 502, 503, 505, 506, 509, 510, 512, 513, 516, 517, 522], "excluded_lines": [], "functions": {"OptimizerAgent.__init__": {"executed_lines": [], "summary": {"covered_lines": 0, "num_statements": 1, "percent_covered": 0.0, "percent_covered_display": "0", "missing_lines": 1, "excluded_lines": 0}, "missing_lines": [84], "excluded_lines": []}, "OptimizerAgent.plan": {"executed_lines": [], "summary": {"covered_lines": 0, "num_statements": 8, "percent_covered": 0.0, "percent_covered_display": "0", "missing_lines": 8, "excluded_lines": 0}, "missing_lines": [128, 130, 131, 132, 133, 134, 135, 137], "excluded_lines": []}, "OptimizerAgent._plan_query_analysis": {"executed_lines": [], "summary": {"covered_lines": 0, "num_statements": 3, "percent_covered": 0.0, "percent_covered_display": "0", "missing_lines": 3, "excluded_lines": 0}, "missing_lines": [157, 159, 187], "excluded_lines": []}, "OptimizerAgent._plan_index_recommendation": {"executed_lines": [], "summary": {"covered_lines": 0, "num_statements": 6, "percent_covered": 0.0, "percent_covered_display": "0", "missing_lines": 6, "excluded_lines": 0}, "missing_lines": [204, 205, 207, 237, 238, 247], "excluded_lines": []}, "OptimizerAgent._plan_statistics_update": {"executed_lines": [], "summary": {"covered_lines": 0, "num_statements": 3, "percent_covered": 0.0, "percent_covered_display": "0", "missing_lines": 3, "excluded_lines": 0}, "missing_lines": [264, 266, 294], "excluded_lines": []}, "OptimizerAgent.execute_step": {"executed_lines": [], "summary": {"covered_lines": 0, "num_statements": 8, "percent_covered": 0.0, "percent_covered_display": "0", "missing_lines": 8, "excluded_lines": 0}, "missing_lines": [326, 327, 330, 331, 332, 335, 341, 343], "excluded_lines": []}, "OptimizerAgent.validate_safety": {"executed_lines": [], "summary": {"covered_lines": 0, "num_statements": 30, "percent_covered": 0.0, "percent_covered_display": "0", "missing_lines": 30, "excluded_lines": 0}, "missing_lines": [380, 381, 384, 394, 395, 396, 399, 400, 401, 404, 405, 406, 407, 408, 409, 410, 411, 414, 415, 416, 417, 418, 419, 422, 423, 424, 427, 428, 429, 431], "excluded_lines": []}, "OptimizerAgent._aggregate_results": {"executed_lines": [], "summary": {"covered_lines": 0, "num_statements": 28, "percent_covered": 0.0, "percent_covered_display": "0", "missing_lines": 28, "excluded_lines": 0}, "missing_lines": [467, 477, 478, 479, 481, 484, 485, 486, 487, 488, 489, 492, 493, 494, 496, 498, 499, 502, 503, 505, 506, 509, 510, 512, 513, 516, 517, 522], "excluded_lines": []}, "": {"executed_lines": [1, 19, 20, 23, 24, 68, 86, 142, 189, 249, 296, 345, 433], "summary": {"covered_lines": 11, "num_statements": 11, "percent_covered": 100.0, "percent_covered_display": "100", "missing_lines": 0, "excluded_lines": 0}, "missing_lines": [], "excluded_lines": []}}, "classes": {"OptimizerAgent": {"executed_lines": [], "summary": {"covered_lines": 0, "num_statements": 87, "percent_covered": 0.0, "percent_covered_display": "0", "missing_lines": 87, "excluded_lines": 0}, "missing_lines": [84, 128, 130, 131, 132, 133, 134, 135, 137, 157, 159, 187, 204, 205, 207, 237, 238, 247, 264, 266, 294, 326, 327, 330, 331, 332, 335, 341, 343, 380, 381, 384, 394, 395, 396, 399, 400, 401, 404, 405, 406, 407, 408, 409, 410, 411, 414, 415, 416, 417, 418, 419, 422, 423, 424, 427, 428, 429, 431, 467, 477, 478, 479, 481, 484, 485, 486, 487, 488, 489, 492, 493, 494, 496, 498, 499, 502, 503, 505, 506, 509, 510, 512, 513, 516, 517, 522], "excluded_lines": []}, "": {"executed_lines": [1, 19, 20, 23, 24, 68, 86, 142, 189, 249, 296, 345, 433], "summary": {"covered_lines": 11, "num_statements": 11, "percent_covered": 100.0, "percent_covered_display": "100", "missing_lines": 0, "excluded_lines": 0}, "missing_lines": [], "excluded_lines": []}}}, "src/agents/parallel_executor.py": {"executed_lines": [1, 8, 9, 10, 11, 12, 13, 14, 17, 20, 21, 22, 23, 24, 25, 26, 29, 30, 31, 32, 33, 34, 37, 38, 39, 40, 41, 42, 43, 44, 45, 48, 49, 50, 51, 52, 53, 54, 56, 61, 62, 63, 64, 65, 66, 67, 68, 69, 70, 71, 72, 73, 74, 75, 76, 77, 78, 80, 84, 91, 99, 100, 105, 122, 128, 134, 160, 206, 366], "summary": {"covered_lines": 63, "num_statements": 177, "percent_covered": 35.59322033898305, "percent_covered_display": "36", "missing_lines": 114, "excluded_lines": 0}, "missing_lines": [58, 82, 86, 87, 88, 89, 93, 111, 112, 113, 114, 115, 117, 124, 125, 126, 130, 131, 132, 150, 158, 167, 168, 169, 171, 173, 174, 179, 180, 181, 183, 184, 185, 186, 187, 189, 190, 191, 192, 194, 195, 196, 197, 198, 201, 202, 204, 219, 220, 225, 226, 229, 232, 235, 241, 243, 245, 247, 253, 254, 256, 258, 260, 261, 266, 267, 271, 274, 275, 277, 279, 281, 282, 284, 285, 290, 291, 295, 298, 299, 301, 304, 306, 307, 310, 311, 312, 313, 314, 315, 317, 318, 319, 320, 321, 322, 323, 324, 325, 326, 327, 328, 329, 330, 331, 332, 333, 336, 337, 338, 340, 358, 364, 368], "excluded_lines": [], "functions": {"ParallelTask.get_name": {"executed_lines": [], "summary": {"covered_lines": 0, "num_statements": 1, "percent_covered": 0.0, "percent_covered_display": "0", "missing_lines": 1, "excluded_lines": 0}, "missing_lines": [58], "excluded_lines": []}, "ExecutionResult.is_successful": {"executed_lines": [], "summary": {"covered_lines": 0, "num_statements": 1, "percent_covered": 0.0, "percent_covered_display": "0", "missing_lines": 1, "excluded_lines": 0}, "missing_lines": [82], "excluded_lines": []}, "ExecutionResult.get_task_result": {"executed_lines": [], "summary": {"covered_lines": 0, "num_statements": 4, "percent_covered": 0.0, "percent_covered_display": "0", "missing_lines": 4, "excluded_lines": 0}, "missing_lines": [86, 87, 88, 89], "excluded_lines": []}, "ExecutionResult.get_successful_results": {"executed_lines": [], "summary": {"covered_lines": 0, "num_statements": 1, "percent_covered": 0.0, "percent_covered_display": "0", "missing_lines": 1, "excluded_lines": 0}, "missing_lines": [93], "excluded_lines": []}, "ParallelExecutor.__init__": {"executed_lines": [], "summary": {"covered_lines": 0, "num_statements": 6, "percent_covered": 0.0, "percent_covered_display": "0", "missing_lines": 6, "excluded_lines": 0}, "missing_lines": [111, 112, 113, 114, 115, 117], "excluded_lines": []}, "ParallelExecutor.add_task": {"executed_lines": [], "summary": {"covered_lines": 0, "num_statements": 3, "percent_covered": 0.0, "percent_covered_display": "0", "missing_lines": 3, "excluded_lines": 0}, "missing_lines": [124, 125, 126], "excluded_lines": []}, "ParallelExecutor.add_tasks": {"executed_lines": [], "summary": {"covered_lines": 0, "num_statements": 3, "percent_covered": 0.0, "percent_covered_display": "0", "missing_lines": 3, "excluded_lines": 0}, "missing_lines": [130, 131, 132], "excluded_lines": []}, "ParallelExecutor.create_task": {"executed_lines": [], "summary": {"covered_lines": 0, "num_statements": 2, "percent_covered": 0.0, "percent_covered_display": "0", "missing_lines": 2, "excluded_lines": 0}, "missing_lines": [150, 158], "excluded_lines": []}, "ParallelExecutor._execute_task": {"executed_lines": [], "summary": {"covered_lines": 0, "num_statements": 26, "percent_covered": 0.0, "percent_covered_display": "0", "missing_lines": 26, "excluded_lines": 0}, "missing_lines": [167, 168, 169, 171, 173, 174, 179, 180, 181, 183, 184, 185, 186, 187, 189, 190, 191, 192, 194, 195, 196, 197, 198, 201, 202, 204], "excluded_lines": []}, "ParallelExecutor.execute": {"executed_lines": [], "summary": {"covered_lines": 0, "num_statements": 66, "percent_covered": 0.0, "percent_covered_display": "0", "missing_lines": 66, "excluded_lines": 0}, "missing_lines": [219, 220, 225, 226, 229, 232, 235, 241, 243, 245, 247, 253, 254, 256, 258, 260, 261, 266, 267, 271, 274, 275, 277, 279, 281, 282, 284, 285, 290, 291, 295, 298, 299, 301, 304, 306, 307, 310, 311, 312, 313, 314, 315, 317, 318, 319, 320, 321, 322, 323, 324, 325, 326, 327, 328, 329, 330, 331, 332, 333, 336, 337, 338, 340, 358, 364], "excluded_lines": []}, "ParallelExecutor.get_summary": {"executed_lines": [], "summary": {"covered_lines": 0, "num_statements": 1, "percent_covered": 0.0, "percent_covered_display": "0", "missing_lines": 1, "excluded_lines": 0}, "missing_lines": [368], "excluded_lines": []}, "": {"executed_lines": [1, 8, 9, 10, 11, 12, 13, 14, 17, 20, 21, 22, 23, 24, 25, 26, 29, 30, 31, 32, 33, 34, 37, 38, 39, 40, 41, 42, 43, 44, 45, 48, 49, 50, 51, 52, 53, 54, 56, 61, 62, 63, 64, 65, 66, 67, 68, 69, 70, 71, 72, 73, 74, 75, 76, 77, 78, 80, 84, 91, 99, 100, 105, 122, 128, 134, 160, 206, 366], "summary": {"covered_lines": 63, "num_statements": 63, "percent_covered": 100.0, "percent_covered_display": "100", "missing_lines": 0, "excluded_lines": 0}, "missing_lines": [], "excluded_lines": []}}, "classes": {"TaskStatus": {"executed_lines": [], "summary": {"covered_lines": 0, "num_statements": 0, "percent_covered": 100.0, "percent_covered_display": "100", "missing_lines": 0, "excluded_lines": 0}, "missing_lines": [], "excluded_lines": []}, "AggregationStrategy": {"executed_lines": [], "summary": {"covered_lines": 0, "num_statements": 0, "percent_covered": 100.0, "percent_covered_display": "100", "missing_lines": 0, "excluded_lines": 0}, "missing_lines": [], "excluded_lines": []}, "ParallelTask": {"executed_lines": [], "summary": {"covered_lines": 0, "num_statements": 1, "percent_covered": 0.0, "percent_covered_display": "0", "missing_lines": 1, "excluded_lines": 0}, "missing_lines": [58], "excluded_lines": []}, "ExecutionResult": {"executed_lines": [], "summary": {"covered_lines": 0, "num_statements": 6, "percent_covered": 0.0, "percent_covered_display": "0", "missing_lines": 6, "excluded_lines": 0}, "missing_lines": [82, 86, 87, 88, 89, 93], "excluded_lines": []}, "ParallelExecutor": {"executed_lines": [], "summary": {"covered_lines": 0, "num_statements": 107, "percent_covered": 0.0, "percent_covered_display": "0", "missing_lines": 107, "excluded_lines": 0}, "missing_lines": [111, 112, 113, 114, 115, 117, 124, 125, 126, 130, 131, 132, 150, 158, 167, 168, 169, 171, 173, 174, 179, 180, 181, 183, 184, 185, 186, 187, 189, 190, 191, 192, 194, 195, 196, 197, 198, 201, 202, 204, 219, 220, 225, 226, 229, 232, 235, 241, 243, 245, 247, 253, 254, 256, 258, 260, 261, 266, 267, 271, 274, 275, 277, 279, 281, 282, 284, 285, 290, 291, 295, 298, 299, 301, 304, 306, 307, 310, 311, 312, 313, 314, 315, 317, 318, 319, 320, 321, 322, 323, 324, 325, 326, 327, 328, 329, 330, 331, 332, 333, 336, 337, 338, 340, 358, 364, 368], "excluded_lines": []}, "": {"executed_lines": [1, 8, 9, 10, 11, 12, 13, 14, 17, 20, 21, 22, 23, 24, 25, 26, 29, 30, 31, 32, 33, 34, 37, 38, 39, 40, 41, 42, 43, 44, 45, 48, 49, 50, 51, 52, 53, 54, 56, 61, 62, 63, 64, 65, 66, 67, 68, 69, 70, 71, 72, 73, 74, 75, 76, 77, 78, 80, 84, 91, 99, 100, 105, 122, 128, 134, 160, 206, 366], "summary": {"covered_lines": 63, "num_statements": 63, "percent_covered": 100.0, "percent_covered_display": "100", "missing_lines": 0, "excluded_lines": 0}, "missing_lines": [], "excluded_lines": []}}}, "src/agents/safety/__init__.py": {"executed_lines": [1, 34, 36], "summary": {"covered_lines": 2, "num_statements": 2, "percent_covered": 100.0, "percent_covered_display": "100", "missing_lines": 0, "excluded_lines": 0}, "missing_lines": [], "excluded_lines": [], "functions": {"": {"executed_lines": [1, 34, 36], "summary": {"covered_lines": 2, "num_statements": 2, "percent_covered": 100.0, "percent_covered_display": "100", "missing_lines": 0, "excluded_lines": 0}, "missing_lines": [], "excluded_lines": []}}, "classes": {"": {"executed_lines": [1, 34, 36], "summary": {"covered_lines": 2, "num_statements": 2, "percent_covered": 100.0, "percent_covered_display": "100", "missing_lines": 0, "excluded_lines": 0}, "missing_lines": [], "excluded_lines": []}}}, "src/agents/safety/controller.py": {"executed_lines": [1, 9, 10, 11, 12, 15, 16, 17, 20, 21, 30, 31, 32, 33, 36, 37, 46, 47, 48, 49, 52, 53, 61, 68, 69, 78, 90, 94, 99, 100, 122, 132, 259, 303, 363, 452, 477], "summary": {"covered_lines": 31, "num_statements": 156, "percent_covered": 19.871794871794872, "percent_covered_display": "20", "missing_lines": 125, "excluded_lines": 0}, "missing_lines": [62, 63, 64, 65, 85, 86, 87, 88, 92, 96, 129, 130, 166, 167, 170, 173, 183, 184, 185, 186, 187, 188, 191, 192, 195, 197, 198, 199, 200, 204, 206, 207, 208, 209, 212, 213, 218, 219, 220, 223, 224, 225, 226, 229, 230, 231, 233, 234, 235, 237, 238, 241, 242, 243, 244, 245, 248, 249, 250, 251, 252, 255, 257, 273, 284, 287, 288, 291, 292, 294, 295, 296, 297, 298, 299, 301, 341, 348, 349, 352, 355, 361, 384, 385, 388, 389, 390, 393, 394, 395, 398, 399, 401, 402, 403, 404, 407, 408, 409, 410, 411, 412, 413, 416, 417, 418, 419, 422, 423, 424, 425, 427, 430, 431, 433, 434, 443, 444, 467, 469, 470, 472, 473, 475, 479], "excluded_lines": [], "functions": {"SafetyViolation.__init__": {"executed_lines": [], "summary": {"covered_lines": 0, "num_statements": 4, "percent_covered": 0.0, "percent_covered_display": "0", "missing_lines": 4, "excluded_lines": 0}, "missing_lines": [62, 63, 64, 65], "excluded_lines": []}, "SafetyPolicy.__init__": {"executed_lines": [], "summary": {"covered_lines": 0, "num_statements": 4, "percent_covered": 0.0, "percent_covered_display": "0", "missing_lines": 4, "excluded_lines": 0}, "missing_lines": [85, 86, 87, 88], "excluded_lines": []}, "SafetyPolicy.is_operation_allowed": {"executed_lines": [], "summary": {"covered_lines": 0, "num_statements": 1, "percent_covered": 0.0, "percent_covered_display": "0", "missing_lines": 1, "excluded_lines": 0}, "missing_lines": [92], "excluded_lines": []}, "SafetyPolicy.requires_approval": {"executed_lines": [], "summary": {"covered_lines": 0, "num_statements": 1, "percent_covered": 0.0, "percent_covered_display": "0", "missing_lines": 1, "excluded_lines": 0}, "missing_lines": [96], "excluded_lines": []}, "SafetyController.__init__": {"executed_lines": [], "summary": {"covered_lines": 0, "num_statements": 2, "percent_covered": 0.0, "percent_covered_display": "0", "missing_lines": 2, "excluded_lines": 0}, "missing_lines": [129, 130], "excluded_lines": []}, "SafetyController.validate_step": {"executed_lines": [], "summary": {"covered_lines": 0, "num_statements": 51, "percent_covered": 0.0, "percent_covered_display": "0", "missing_lines": 51, "excluded_lines": 0}, "missing_lines": [166, 167, 170, 173, 183, 184, 185, 186, 187, 188, 191, 192, 195, 197, 198, 199, 200, 204, 206, 207, 208, 209, 212, 213, 218, 219, 220, 223, 224, 225, 226, 229, 230, 231, 233, 234, 235, 237, 238, 241, 242, 243, 244, 245, 248, 249, 250, 251, 252, 255, 257], "excluded_lines": []}, "SafetyController._is_destructive_operation": {"executed_lines": [], "summary": {"covered_lines": 0, "num_statements": 13, "percent_covered": 0.0, "percent_covered_display": "0", "missing_lines": 13, "excluded_lines": 0}, "missing_lines": [273, 284, 287, 288, 291, 292, 294, 295, 296, 297, 298, 299, 301], "excluded_lines": []}, "SafetyController.request_approval": {"executed_lines": [], "summary": {"covered_lines": 0, "num_statements": 6, "percent_covered": 0.0, "percent_covered_display": "0", "missing_lines": 6, "excluded_lines": 0}, "missing_lines": [341, 348, 349, 352, 355, 361], "excluded_lines": []}, "SafetyController._interactive_approval": {"executed_lines": [], "summary": {"covered_lines": 0, "num_statements": 36, "percent_covered": 0.0, "percent_covered_display": "0", "missing_lines": 36, "excluded_lines": 0}, "missing_lines": [384, 385, 388, 389, 390, 393, 394, 395, 398, 399, 401, 402, 403, 404, 407, 408, 409, 410, 411, 412, 413, 416, 417, 418, 419, 422, 423, 424, 425, 427, 430, 431, 433, 434, 443, 444], "excluded_lines": []}, "SafetyController.get_approval_history": {"executed_lines": [], "summary": {"covered_lines": 0, "num_statements": 6, "percent_covered": 0.0, "percent_covered_display": "0", "missing_lines": 6, "excluded_lines": 0}, "missing_lines": [467, 469, 470, 472, 473, 475], "excluded_lines": []}, "SafetyController.clear_approval_history": {"executed_lines": [], "summary": {"covered_lines": 0, "num_statements": 1, "percent_covered": 0.0, "percent_covered_display": "0", "missing_lines": 1, "excluded_lines": 0}, "missing_lines": [479], "excluded_lines": []}, "": {"executed_lines": [1, 9, 10, 11, 12, 15, 16, 17, 20, 21, 30, 31, 32, 33, 36, 37, 46, 47, 48, 49, 52, 53, 61, 68, 69, 78, 90, 94, 99, 100, 122, 132, 259, 303, 363, 452, 477], "summary": {"covered_lines": 31, "num_statements": 31, "percent_covered": 100.0, "percent_covered_display": "100", "missing_lines": 0, "excluded_lines": 0}, "missing_lines": [], "excluded_lines": []}}, "classes": {"SafetyLevel": {"executed_lines": [], "summary": {"covered_lines": 0, "num_statements": 0, "percent_covered": 100.0, "percent_covered_display": "100", "missing_lines": 0, "excluded_lines": 0}, "missing_lines": [], "excluded_lines": []}, "ApprovalRequirement": {"executed_lines": [], "summary": {"covered_lines": 0, "num_statements": 0, "percent_covered": 100.0, "percent_covered_display": "100", "missing_lines": 0, "excluded_lines": 0}, "missing_lines": [], "excluded_lines": []}, "SafetyViolation": {"executed_lines": [], "summary": {"covered_lines": 0, "num_statements": 4, "percent_covered": 0.0, "percent_covered_display": "0", "missing_lines": 4, "excluded_lines": 0}, "missing_lines": [62, 63, 64, 65], "excluded_lines": []}, "SafetyPolicy": {"executed_lines": [], "summary": {"covered_lines": 0, "num_statements": 6, "percent_covered": 0.0, "percent_covered_display": "0", "missing_lines": 6, "excluded_lines": 0}, "missing_lines": [85, 86, 87, 88, 92, 96], "excluded_lines": []}, "SafetyController": {"executed_lines": [], "summary": {"covered_lines": 0, "num_statements": 115, "percent_covered": 0.0, "percent_covered_display": "0", "missing_lines": 115, "excluded_lines": 0}, "missing_lines": [129, 130, 166, 167, 170, 173, 183, 184, 185, 186, 187, 188, 191, 192, 195, 197, 198, 199, 200, 204, 206, 207, 208, 209, 212, 213, 218, 219, 220, 223, 224, 225, 226, 229, 230, 231, 233, 234, 235, 237, 238, 241, 242, 243, 244, 245, 248, 249, 250, 251, 252, 255, 257, 273, 284, 287, 288, 291, 292, 294, 295, 296, 297, 298, 299, 301, 341, 348, 349, 352, 355, 361, 384, 385, 388, 389, 390, 393, 394, 395, 398, 399, 401, 402, 403, 404, 407, 408, 409, 410, 411, 412, 413, 416, 417, 418, 419, 422, 423, 424, 425, 427, 430, 431, 433, 434, 443, 444, 467, 469, 470, 472, 473, 475, 479], "excluded_lines": []}, "": {"executed_lines": [1, 9, 10, 11, 12, 15, 16, 17, 20, 21, 30, 31, 32, 33, 36, 37, 46, 47, 48, 49, 52, 53, 61, 68, 69, 78, 90, 94, 99, 100, 122, 132, 259, 303, 363, 452, 477], "summary": {"covered_lines": 31, "num_statements": 31, "percent_covered": 100.0, "percent_covered_display": "100", "missing_lines": 0, "excluded_lines": 0}, "missing_lines": [], "excluded_lines": []}}}, "src/agents/state/__init__.py": {"executed_lines": [], "summary": {"covered_lines": 0, "num_statements": 0, "percent_covered": 100.0, "percent_covered_display": "100", "missing_lines": 0, "excluded_lines": 0}, "missing_lines": [], "excluded_lines": [], "functions": {"": {"executed_lines": [], "summary": {"covered_lines": 0, "num_statements": 0, "percent_covered": 100.0, "percent_covered_display": "100", "missing_lines": 0, "excluded_lines": 0}, "missing_lines": [], "excluded_lines": []}}, "classes": {"": {"executed_lines": [], "summary": {"covered_lines": 0, "num_statements": 0, "percent_covered": 100.0, "percent_covered_display": "100", "missing_lines": 0, "excluded_lines": 0}, "missing_lines": [], "excluded_lines": []}}}, "src/agents/state/manager.py": {"executed_lines": [], "summary": {"covered_lines": 0, "num_statements": 32, "percent_covered": 0.0, "percent_covered_display": "0", "missing_lines": 32, "excluded_lines": 0}, "missing_lines": [3, 4, 5, 6, 7, 8, 11, 14, 15, 16, 17, 18, 20, 22, 23, 28, 29, 30, 31, 33, 35, 36, 37, 38, 39, 40, 41, 42, 43, 44, 45, 46], "excluded_lines": [], "functions": {"StateManager.__init__": {"executed_lines": [], "summary": {"covered_lines": 0, "num_statements": 4, "percent_covered": 0.0, "percent_covered_display": "0", "missing_lines": 4, "excluded_lines": 0}, "missing_lines": [15, 16, 17, 18], "excluded_lines": []}, "StateManager.save_state": {"executed_lines": [], "summary": {"covered_lines": 0, "num_statements": 6, "percent_covered": 0.0, "percent_covered_display": "0", "missing_lines": 6, "excluded_lines": 0}, "missing_lines": [22, 23, 28, 29, 30, 31], "excluded_lines": []}, "StateManager.load_state": {"executed_lines": [], "summary": {"covered_lines": 0, "num_statements": 12, "percent_covered": 0.0, "percent_covered_display": "0", "missing_lines": 12, "excluded_lines": 0}, "missing_lines": [35, 36, 37, 38, 39, 40, 41, 42, 43, 44, 45, 46], "excluded_lines": []}, "": {"executed_lines": [], "summary": {"covered_lines": 0, "num_statements": 10, "percent_covered": 0.0, "percent_covered_display": "0", "missing_lines": 10, "excluded_lines": 0}, "missing_lines": [3, 4, 5, 6, 7, 8, 11, 14, 20, 33], "excluded_lines": []}}, "classes": {"StateManager": {"executed_lines": [], "summary": {"covered_lines": 0, "num_statements": 22, "percent_covered": 0.0, "percent_covered_display": "0", "missing_lines": 22, "excluded_lines": 0}, "missing_lines": [15, 16, 17, 18, 22, 23, 28, 29, 30, 31, 35, 36, 37, 38, 39, 40, 41, 42, 43, 44, 45, 46], "excluded_lines": []}, "": {"executed_lines": [], "summary": {"covered_lines": 0, "num_statements": 10, "percent_covered": 0.0, "percent_covered_display": "0", "missing_lines": 10, "excluded_lines": 0}, "missing_lines": [3, 4, 5, 6, 7, 8, 11, 14, 20, 33], "excluded_lines": []}}}, "src/agents/state/manager_mock.py": {"executed_lines": [], "summary": {"covered_lines": 0, "num_statements": 14, "percent_covered": 0.0, "percent_covered_display": "0", "missing_lines": 14, "excluded_lines": 0}, "missing_lines": [7, 8, 11, 14, 15, 17, 19, 21, 23, 25, 27, 28, 30, 32], "excluded_lines": [], "functions": {"StateManager.__init__": {"executed_lines": [], "summary": {"covered_lines": 0, "num_statements": 1, "percent_covered": 0.0, "percent_covered_display": "0", "missing_lines": 1, "excluded_lines": 0}, "missing_lines": [15], "excluded_lines": []}, "StateManager.save_state": {"executed_lines": [], "summary": {"covered_lines": 0, "num_statements": 1, "percent_covered": 0.0, "percent_covered_display": "0", "missing_lines": 1, "excluded_lines": 0}, "missing_lines": [19], "excluded_lines": []}, "StateManager.load_state": {"executed_lines": [], "summary": {"covered_lines": 0, "num_statements": 1, "percent_covered": 0.0, "percent_covered_display": "0", "missing_lines": 1, "excluded_lines": 0}, "missing_lines": [23], "excluded_lines": []}, "StateManager.delete_state": {"executed_lines": [], "summary": {"covered_lines": 0, "num_statements": 2, "percent_covered": 0.0, "percent_covered_display": "0", "missing_lines": 2, "excluded_lines": 0}, "missing_lines": [27, 28], "excluded_lines": []}, "StateManager.list_states": {"executed_lines": [], "summary": {"covered_lines": 0, "num_statements": 1, "percent_covered": 0.0, "percent_covered_display": "0", "missing_lines": 1, "excluded_lines": 0}, "missing_lines": [32], "excluded_lines": []}, "": {"executed_lines": [], "summary": {"covered_lines": 0, "num_statements": 8, "percent_covered": 0.0, "percent_covered_display": "0", "missing_lines": 8, "excluded_lines": 0}, "missing_lines": [7, 8, 11, 14, 17, 21, 25, 30], "excluded_lines": []}}, "classes": {"StateManager": {"executed_lines": [], "summary": {"covered_lines": 0, "num_statements": 6, "percent_covered": 0.0, "percent_covered_display": "0", "missing_lines": 6, "excluded_lines": 0}, "missing_lines": [15, 19, 23, 27, 28, 32], "excluded_lines": []}, "": {"executed_lines": [], "summary": {"covered_lines": 0, "num_statements": 8, "percent_covered": 0.0, "percent_covered_display": "0", "missing_lines": 8, "excluded_lines": 0}, "missing_lines": [7, 8, 11, 14, 17, 21, 25, 30], "excluded_lines": []}}}, "src/agents/test_agent.py": {"executed_lines": [], "summary": {"covered_lines": 0, "num_statements": 9, "percent_covered": 0.0, "percent_covered_display": "0", "missing_lines": 9, "excluded_lines": 0}, "missing_lines": [7, 8, 11, 14, 16, 18, 20, 22, 24], "excluded_lines": [], "functions": {"TestAgent.plan": {"executed_lines": [], "summary": {"covered_lines": 0, "num_statements": 1, "percent_covered": 0.0, "percent_covered_display": "0", "missing_lines": 1, "excluded_lines": 0}, "missing_lines": [16], "excluded_lines": []}, "TestAgent.execute_step": {"executed_lines": [], "summary": {"covered_lines": 0, "num_statements": 1, "percent_covered": 0.0, "percent_covered_display": "0", "missing_lines": 1, "excluded_lines": 0}, "missing_lines": [20], "excluded_lines": []}, "TestAgent.validate_safety": {"executed_lines": [], "summary": {"covered_lines": 0, "num_statements": 1, "percent_covered": 0.0, "percent_covered_display": "0", "missing_lines": 1, "excluded_lines": 0}, "missing_lines": [24], "excluded_lines": []}, "": {"executed_lines": [], "summary": {"covered_lines": 0, "num_statements": 6, "percent_covered": 0.0, "percent_covered_display": "0", "missing_lines": 6, "excluded_lines": 0}, "missing_lines": [7, 8, 11, 14, 18, 22], "excluded_lines": []}}, "classes": {"TestAgent": {"executed_lines": [], "summary": {"covered_lines": 0, "num_statements": 3, "percent_covered": 0.0, "percent_covered_display": "0", "missing_lines": 3, "excluded_lines": 0}, "missing_lines": [16, 20, 24], "excluded_lines": []}, "": {"executed_lines": [], "summary": {"covered_lines": 0, "num_statements": 6, "percent_covered": 0.0, "percent_covered_display": "0", "missing_lines": 6, "excluded_lines": 0}, "missing_lines": [7, 8, 11, 14, 18, 22], "excluded_lines": []}}}, "src/agents/tools/__init__.py": {"executed_lines": [1, 8, 16, 40, 64, 91, 107], "summary": {"covered_lines": 6, "num_statements": 19, "percent_covered": 31.57894736842105, "percent_covered_display": "32", "missing_lines": 13, "excluded_lines": 0}, "missing_lines": [23, 25, 26, 47, 49, 50, 81, 85, 87, 88, 102, 103, 104], "excluded_lines": [], "functions": {"register_migration_tools": {"executed_lines": [], "summary": {"covered_lines": 0, "num_statements": 3, "percent_covered": 0.0, "percent_covered_display": "0", "missing_lines": 3, "excluded_lines": 0}, "missing_lines": [23, 25, 26], "excluded_lines": []}, "register_optimizer_tools": {"executed_lines": [], "summary": {"covered_lines": 0, "num_statements": 3, "percent_covered": 0.0, "percent_covered_display": "0", "missing_lines": 3, "excluded_lines": 0}, "missing_lines": [47, 49, 50], "excluded_lines": []}, "register_core_tools": {"executed_lines": [], "summary": {"covered_lines": 0, "num_statements": 4, "percent_covered": 0.0, "percent_covered_display": "0", "missing_lines": 4, "excluded_lines": 0}, "missing_lines": [81, 85, 87, 88], "excluded_lines": []}, "create_default_registry": {"executed_lines": [], "summary": {"covered_lines": 0, "num_statements": 3, "percent_covered": 0.0, "percent_covered_display": "0", "missing_lines": 3, "excluded_lines": 0}, "missing_lines": [102, 103, 104], "excluded_lines": []}, "": {"executed_lines": [1, 8, 16, 40, 64, 91, 107], "summary": {"covered_lines": 6, "num_statements": 6, "percent_covered": 100.0, "percent_covered_display": "100", "missing_lines": 0, "excluded_lines": 0}, "missing_lines": [], "excluded_lines": []}}, "classes": {"": {"executed_lines": [1, 8, 16, 40, 64, 91, 107], "summary": {"covered_lines": 6, "num_statements": 19, "percent_covered": 31.57894736842105, "percent_covered_display": "32", "missing_lines": 13, "excluded_lines": 0}, "missing_lines": [23, 25, 26, 47, 49, 50, 81, 85, 87, 88, 102, 103, 104], "excluded_lines": []}}}, "src/agents/tools/database_tools.py": {"executed_lines": [], "summary": {"covered_lines": 0, "num_statements": 87, "percent_covered": 0.0, "percent_covered_display": "0", "missing_lines": 87, "excluded_lines": 0}, "missing_lines": [8, 9, 10, 11, 14, 32, 33, 35, 37, 38, 40, 41, 42, 43, 45, 48, 81, 82, 84, 85, 86, 87, 89, 92, 109, 110, 113, 116, 117, 119, 120, 121, 122, 123, 124, 125, 128, 131, 132, 133, 134, 137, 139, 147, 180, 181, 182, 184, 185, 201, 234, 235, 236, 260, 261, 262, 284, 293, 301, 332, 333, 334, 337, 338, 346, 347, 355, 356, 357, 358, 366, 367, 375, 376, 377, 378, 386, 387, 388, 389, 390, 398, 406, 423, 426, 484, 554], "excluded_lines": [], "functions": {"calculate_checksum": {"executed_lines": [], "summary": {"covered_lines": 0, "num_statements": 10, "percent_covered": 0.0, "percent_covered_display": "0", "missing_lines": 10, "excluded_lines": 0}, "missing_lines": [32, 33, 35, 37, 38, 40, 41, 42, 43, 45], "excluded_lines": []}, "backup_database_full": {"executed_lines": [], "summary": {"covered_lines": 0, "num_statements": 27, "percent_covered": 0.0, "percent_covered_display": "0", "missing_lines": 27, "excluded_lines": 0}, "missing_lines": [81, 82, 84, 85, 86, 87, 89, 92, 109, 110, 113, 116, 117, 119, 120, 121, 122, 123, 124, 125, 128, 131, 132, 133, 134, 137, 139], "excluded_lines": []}, "analyze_schema": {"executed_lines": [], "summary": {"covered_lines": 0, "num_statements": 14, "percent_covered": 0.0, "percent_covered_display": "0", "missing_lines": 14, "excluded_lines": 0}, "missing_lines": [180, 181, 182, 184, 185, 201, 234, 235, 236, 260, 261, 262, 284, 293], "excluded_lines": []}, "validate_backup": {"executed_lines": [], "summary": {"covered_lines": 0, "num_statements": 23, "percent_covered": 0.0, "percent_covered_display": "0", "missing_lines": 23, "excluded_lines": 0}, "missing_lines": [332, 333, 334, 337, 338, 346, 347, 355, 356, 357, 358, 366, 367, 375, 376, 377, 378, 386, 387, 388, 389, 390, 398], "excluded_lines": []}, "register_database_tools": {"executed_lines": [], "summary": {"covered_lines": 0, "num_statements": 4, "percent_covered": 0.0, "percent_covered_display": "0", "missing_lines": 4, "excluded_lines": 0}, "missing_lines": [423, 426, 484, 554], "excluded_lines": []}, "": {"executed_lines": [], "summary": {"covered_lines": 0, "num_statements": 9, "percent_covered": 0.0, "percent_covered_display": "0", "missing_lines": 9, "excluded_lines": 0}, "missing_lines": [8, 9, 10, 11, 14, 48, 147, 301, 406], "excluded_lines": []}}, "classes": {"": {"executed_lines": [], "summary": {"covered_lines": 0, "num_statements": 87, "percent_covered": 0.0, "percent_covered_display": "0", "missing_lines": 87, "excluded_lines": 0}, "missing_lines": [8, 9, 10, 11, 14, 32, 33, 35, 37, 38, 40, 41, 42, 43, 45, 48, 81, 82, 84, 85, 86, 87, 89, 92, 109, 110, 113, 116, 117, 119, 120, 121, 122, 123, 124, 125, 128, 131, 132, 133, 134, 137, 139, 147, 180, 181, 182, 184, 185, 201, 234, 235, 236, 260, 261, 262, 284, 293, 301, 332, 333, 334, 337, 338, 346, 347, 355, 356, 357, 358, 366, 367, 375, 376, 377, 378, 386, 387, 388, 389, 390, 398, 406, 423, 426, 484, 554], "excluded_lines": []}}}, "src/agents/tools/migration_tools.py": {"executed_lines": [], "summary": {"covered_lines": 0, "num_statements": 166, "percent_covered": 0.0, "percent_covered_display": "0", "missing_lines": 166, "excluded_lines": 0}, "missing_lines": [8, 9, 10, 11, 14, 33, 34, 35, 36, 38, 39, 40, 43, 45, 46, 47, 49, 50, 51, 52, 53, 55, 56, 58, 64, 70, 71, 73, 74, 76, 82, 87, 89, 90, 91, 92, 94, 95, 97, 103, 108, 109, 110, 112, 118, 124, 125, 126, 127, 129, 131, 137, 142, 145, 148, 156, 167, 188, 189, 191, 192, 193, 194, 196, 199, 201, 202, 213, 215, 225, 226, 229, 230, 231, 232, 234, 236, 246, 256, 274, 275, 276, 277, 279, 280, 283, 286, 302, 303, 306, 307, 308, 310, 311, 312, 314, 315, 316, 319, 320, 321, 323, 324, 325, 326, 329, 330, 332, 334, 344, 362, 363, 365, 366, 369, 371, 372, 373, 374, 377, 379, 381, 382, 383, 384, 385, 386, 387, 388, 389, 390, 391, 393, 399, 400, 401, 403, 404, 410, 411, 412, 413, 415, 417, 418, 419, 420, 421, 422, 423, 425, 430, 432, 433, 439, 440, 441, 442, 445, 450, 451, 452, 453, 456, 462, 473], "excluded_lines": [], "functions": {"create_migration_script": {"executed_lines": [], "summary": {"covered_lines": 0, "num_statements": 51, "percent_covered": 0.0, "percent_covered_display": "0", "missing_lines": 51, "excluded_lines": 0}, "missing_lines": [33, 34, 35, 36, 38, 39, 40, 43, 45, 46, 47, 49, 50, 51, 52, 53, 55, 56, 58, 64, 70, 71, 73, 74, 76, 82, 87, 89, 90, 91, 92, 94, 95, 97, 103, 108, 109, 110, 112, 118, 124, 125, 126, 127, 129, 131, 137, 142, 145, 148, 156], "excluded_lines": []}, "execute_migration": {"executed_lines": [], "summary": {"covered_lines": 0, "num_statements": 21, "percent_covered": 0.0, "percent_covered_display": "0", "missing_lines": 21, "excluded_lines": 0}, "missing_lines": [188, 189, 191, 192, 193, 194, 196, 199, 201, 202, 213, 215, 225, 226, 229, 230, 231, 232, 234, 236, 246], "excluded_lines": []}, "verify_migration": {"executed_lines": [], "summary": {"covered_lines": 0, "num_statements": 30, "percent_covered": 0.0, "percent_covered_display": "0", "missing_lines": 30, "excluded_lines": 0}, "missing_lines": [274, 275, 276, 277, 279, 280, 283, 286, 302, 303, 306, 307, 308, 310, 311, 312, 314, 315, 316, 319, 320, 321, 323, 324, 325, 326, 329, 330, 332, 334], "excluded_lines": []}, "generate_rollback_script": {"executed_lines": [], "summary": {"covered_lines": 0, "num_statements": 55, "percent_covered": 0.0, "percent_covered_display": "0", "missing_lines": 55, "excluded_lines": 0}, "missing_lines": [362, 363, 365, 366, 369, 371, 372, 373, 374, 377, 379, 381, 382, 383, 384, 385, 386, 387, 388, 389, 390, 391, 393, 399, 400, 401, 403, 404, 410, 411, 412, 413, 415, 417, 418, 419, 420, 421, 422, 423, 425, 430, 432, 433, 439, 440, 441, 442, 445, 450, 451, 452, 453, 456, 462], "excluded_lines": []}, "": {"executed_lines": [], "summary": {"covered_lines": 0, "num_statements": 9, "percent_covered": 0.0, "percent_covered_display": "0", "missing_lines": 9, "excluded_lines": 0}, "missing_lines": [8, 9, 10, 11, 14, 167, 256, 344, 473], "excluded_lines": []}}, "classes": {"": {"executed_lines": [], "summary": {"covered_lines": 0, "num_statements": 166, "percent_covered": 0.0, "percent_covered_display": "0", "missing_lines": 166, "excluded_lines": 0}, "missing_lines": [8, 9, 10, 11, 14, 33, 34, 35, 36, 38, 39, 40, 43, 45, 46, 47, 49, 50, 51, 52, 53, 55, 56, 58, 64, 70, 71, 73, 74, 76, 82, 87, 89, 90, 91, 92, 94, 95, 97, 103, 108, 109, 110, 112, 118, 124, 125, 126, 127, 129, 131, 137, 142, 145, 148, 156, 167, 188, 189, 191, 192, 193, 194, 196, 199, 201, 202, 213, 215, 225, 226, 229, 230, 231, 232, 234, 236, 246, 256, 274, 275, 276, 277, 279, 280, 283, 286, 302, 303, 306, 307, 308, 310, 311, 312, 314, 315, 316, 319, 320, 321, 323, 324, 325, 326, 329, 330, 332, 334, 344, 362, 363, 365, 366, 369, 371, 372, 373, 374, 377, 379, 381, 382, 383, 384, 385, 386, 387, 388, 389, 390, 391, 393, 399, 400, 401, 403, 404, 410, 411, 412, 413, 415, 417, 418, 419, 420, 421, 422, 423, 425, 430, 432, 433, 439, 440, 441, 442, 445, 450, 451, 452, 453, 456, 462, 473], "excluded_lines": []}}}, "src/agents/tools/optimizer_tools.py": {"executed_lines": [], "summary": {"covered_lines": 0, "num_statements": 81, "percent_covered": 0.0, "percent_covered_display": "0", "missing_lines": 81, "excluded_lines": 0}, "missing_lines": [8, 9, 10, 11, 14, 34, 35, 37, 38, 39, 40, 43, 46, 95, 96, 99, 100, 101, 108, 109, 112, 120, 131, 149, 150, 152, 153, 154, 157, 160, 230, 233, 234, 237, 238, 239, 240, 242, 244, 255, 277, 278, 279, 280, 282, 283, 284, 285, 288, 289, 291, 292, 294, 297, 300, 301, 302, 304, 306, 309, 310, 311, 313, 327, 346, 347, 349, 350, 351, 353, 356, 359, 360, 362, 363, 364, 366, 377, 380, 382, 401], "excluded_lines": [], "functions": {"analyze_slow_queries": {"executed_lines": [], "summary": {"covered_lines": 0, "num_statements": 17, "percent_covered": 0.0, "percent_covered_display": "0", "missing_lines": 17, "excluded_lines": 0}, "missing_lines": [34, 35, 37, 38, 39, 40, 43, 46, 95, 96, 99, 100, 101, 108, 109, 112, 120], "excluded_lines": []}, "recommend_indexes": {"executed_lines": [], "summary": {"covered_lines": 0, "num_statements": 16, "percent_covered": 0.0, "percent_covered_display": "0", "missing_lines": 16, "excluded_lines": 0}, "missing_lines": [149, 150, 152, 153, 154, 157, 160, 230, 233, 234, 237, 238, 239, 240, 242, 244], "excluded_lines": []}, "create_index": {"executed_lines": [], "summary": {"covered_lines": 0, "num_statements": 23, "percent_covered": 0.0, "percent_covered_display": "0", "missing_lines": 23, "excluded_lines": 0}, "missing_lines": [277, 278, 279, 280, 282, 283, 284, 285, 288, 289, 291, 292, 294, 297, 300, 301, 302, 304, 306, 309, 310, 311, 313], "excluded_lines": []}, "update_table_statistics": {"executed_lines": [], "summary": {"covered_lines": 0, "num_statements": 16, "percent_covered": 0.0, "percent_covered_display": "0", "missing_lines": 16, "excluded_lines": 0}, "missing_lines": [346, 347, 349, 350, 351, 353, 356, 359, 360, 362, 363, 364, 366, 377, 380, 382], "excluded_lines": []}, "": {"executed_lines": [], "summary": {"covered_lines": 0, "num_statements": 9, "percent_covered": 0.0, "percent_covered_display": "0", "missing_lines": 9, "excluded_lines": 0}, "missing_lines": [8, 9, 10, 11, 14, 131, 255, 327, 401], "excluded_lines": []}}, "classes": {"": {"executed_lines": [], "summary": {"covered_lines": 0, "num_statements": 81, "percent_covered": 0.0, "percent_covered_display": "0", "missing_lines": 81, "excluded_lines": 0}, "missing_lines": [8, 9, 10, 11, 14, 34, 35, 37, 38, 39, 40, 43, 46, 95, 96, 99, 100, 101, 108, 109, 112, 120, 131, 149, 150, 152, 153, 154, 157, 160, 230, 233, 234, 237, 238, 239, 240, 242, 244, 255, 277, 278, 279, 280, 282, 283, 284, 285, 288, 289, 291, 292, 294, 297, 300, 301, 302, 304, 306, 309, 310, 311, 313, 327, 346, 347, 349, 350, 351, 353, 356, 359, 360, 362, 363, 364, 366, 377, 380, 382, 401], "excluded_lines": []}}}, "src/agents/tools/registry.py": {"executed_lines": [1, 8, 9, 10, 11, 12, 13, 16, 17, 18, 19, 20, 21, 22, 23, 24, 25, 28, 29, 30, 31, 32, 33, 34, 37, 38, 39, 56, 57, 58, 59, 60, 61, 62, 63, 66, 67, 68, 71, 73, 91, 109, 143, 144, 155, 161, 176, 191, 203, 212, 256, 289, 319, 353, 378, 417], "summary": {"covered_lines": 51, "num_statements": 145, "percent_covered": 35.172413793103445, "percent_covered_display": "35", "missing_lines": 94, "excluded_lines": 0}, "missing_lines": [83, 84, 85, 86, 87, 88, 89, 101, 102, 103, 104, 105, 106, 107, 125, 126, 127, 130, 131, 132, 133, 136, 137, 138, 140, 157, 158, 159, 171, 172, 174, 186, 187, 188, 189, 201, 210, 229, 232, 233, 236, 237, 244, 245, 248, 249, 254, 266, 267, 268, 270, 271, 272, 274, 306, 312, 313, 315, 317, 339, 341, 351, 368, 370, 371, 373, 374, 376, 388, 390, 391, 392, 394, 395, 398, 399, 402, 408, 409, 410, 413, 415, 424, 427, 428, 429, 430, 433, 434, 435, 436, 439, 440, 442], "excluded_lines": [], "functions": {"ToolDefinition.validate_parameters": {"executed_lines": [], "summary": {"covered_lines": 0, "num_statements": 7, "percent_covered": 0.0, "percent_covered_display": "0", "missing_lines": 7, "excluded_lines": 0}, "missing_lines": [83, 84, 85, 86, 87, 88, 89], "excluded_lines": []}, "ToolDefinition.validate_return_value": {"executed_lines": [], "summary": {"covered_lines": 0, "num_statements": 7, "percent_covered": 0.0, "percent_covered_display": "0", "missing_lines": 7, "excluded_lines": 0}, "missing_lines": [101, 102, 103, 104, 105, 106, 107], "excluded_lines": []}, "ToolDefinition.execute": {"executed_lines": [], "summary": {"covered_lines": 0, "num_statements": 11, "percent_covered": 0.0, "percent_covered_display": "0", "missing_lines": 11, "excluded_lines": 0}, "missing_lines": [125, 126, 127, 130, 131, 132, 133, 136, 137, 138, 140], "excluded_lines": []}, "ToolRegistry.__init__": {"executed_lines": [], "summary": {"covered_lines": 0, "num_statements": 3, "percent_covered": 0.0, "percent_covered_display": "0", "missing_lines": 3, "excluded_lines": 0}, "missing_lines": [157, 158, 159], "excluded_lines": []}, "ToolRegistry.register_tool": {"executed_lines": [], "summary": {"covered_lines": 0, "num_statements": 3, "percent_covered": 0.0, "percent_covered_display": "0", "missing_lines": 3, "excluded_lines": 0}, "missing_lines": [171, 172, 174], "excluded_lines": []}, "ToolRegistry.unregister_tool": {"executed_lines": [], "summary": {"covered_lines": 0, "num_statements": 4, "percent_covered": 0.0, "percent_covered_display": "0", "missing_lines": 4, "excluded_lines": 0}, "missing_lines": [186, 187, 188, 189], "excluded_lines": []}, "ToolRegistry.get_tool": {"executed_lines": [], "summary": {"covered_lines": 0, "num_statements": 1, "percent_covered": 0.0, "percent_covered_display": "0", "missing_lines": 1, "excluded_lines": 0}, "missing_lines": [201], "excluded_lines": []}, "ToolRegistry.list_tools": {"executed_lines": [], "summary": {"covered_lines": 0, "num_statements": 1, "percent_covered": 0.0, "percent_covered_display": "0", "missing_lines": 1, "excluded_lines": 0}, "missing_lines": [210], "excluded_lines": []}, "ToolRegistry.find_tools": {"executed_lines": [], "summary": {"covered_lines": 0, "num_statements": 10, "percent_covered": 0.0, "percent_covered_display": "0", "missing_lines": 10, "excluded_lines": 0}, "missing_lines": [229, 232, 233, 236, 237, 244, 245, 248, 249, 254], "excluded_lines": []}, "ToolRegistry.get_tool_description": {"executed_lines": [], "summary": {"covered_lines": 0, "num_statements": 7, "percent_covered": 0.0, "percent_covered_display": "0", "missing_lines": 7, "excluded_lines": 0}, "missing_lines": [266, 267, 268, 270, 271, 272, 274], "excluded_lines": []}, "ToolRegistry.get_available_tools_for_llm": {"executed_lines": [], "summary": {"covered_lines": 0, "num_statements": 5, "percent_covered": 0.0, "percent_covered_display": "0", "missing_lines": 5, "excluded_lines": 0}, "missing_lines": [306, 312, 313, 315, 317], "excluded_lines": []}, "ToolRegistry.log_execution": {"executed_lines": [], "summary": {"covered_lines": 0, "num_statements": 3, "percent_covered": 0.0, "percent_covered_display": "0", "missing_lines": 3, "excluded_lines": 0}, "missing_lines": [339, 341, 351], "excluded_lines": []}, "ToolRegistry.get_execution_log": {"executed_lines": [], "summary": {"covered_lines": 0, "num_statements": 6, "percent_covered": 0.0, "percent_covered_display": "0", "missing_lines": 6, "excluded_lines": 0}, "missing_lines": [368, 370, 371, 373, 374, 376], "excluded_lines": []}, "ToolRegistry.check_rate_limit": {"executed_lines": [], "summary": {"covered_lines": 0, "num_statements": 14, "percent_covered": 0.0, "percent_covered_display": "0", "missing_lines": 14, "excluded_lines": 0}, "missing_lines": [388, 390, 391, 392, 394, 395, 398, 399, 402, 408, 409, 410, 413, 415], "excluded_lines": []}, "ToolRegistry.get_registry_stats": {"executed_lines": [], "summary": {"covered_lines": 0, "num_statements": 12, "percent_covered": 0.0, "percent_covered_display": "0", "missing_lines": 12, "excluded_lines": 0
[...]
1, "excluded_lines": 0}, "missing_lines": [254], "excluded_lines": []}, "": {"executed_lines": [1, 8, 9, 11, 12, 13, 15, 18, 21, 22, 38, 96, 114, 120, 145, 159, 190, 234, 243, 252], "summary": {"covered_lines": 18, "num_statements": 18, "percent_covered": 100.0, "percent_covered_display": "100", "missing_lines": 0, "excluded_lines": 0}, "missing_lines": [], "excluded_lines": []}}, "classes": {"RiskIndicator": {"executed_lines": [], "summary": {"covered_lines": 0, "num_statements": 34, "percent_covered": 0.0, "percent_covered_display": "0", "missing_lines": 34, "excluded_lines": 0}, "missing_lines": [110, 111, 112, 117, 118, 131, 132, 135, 138, 141, 143, 153, 154, 157, 167, 175, 182, 187, 188, 199, 206, 209, 210, 211, 214, 221, 224, 225, 228, 231, 232, 241, 250, 254], "excluded_lines": []}, "": {"executed_lines": [1, 8, 9, 11, 12, 13, 15, 18, 21, 22, 38, 96, 114, 120, 145, 159, 190, 234, 243, 252], "summary": {"covered_lines": 18, "num_statements": 18, "percent_covered": 100.0, "percent_covered_display": "100", "missing_lines": 0, "excluded_lines": 0}, "missing_lines": [], "excluded_lines": []}}}, "src/ui/widgets/suggestion_list.py": {"executed_lines": [1, 7, 8, 9, 10, 11, 12, 13, 14, 16, 17, 21, 24, 25, 26, 27, 28, 29, 30, 31, 34, 35, 51, 82, 104, 108, 144, 180, 200, 218, 234, 242, 250, 261, 272, 278, 314, 315, 323, 324], "summary": {"covered_lines": 37, "num_statements": 128, "percent_covered": 28.90625, "percent_covered_display": "29", "missing_lines": 91, "excluded_lines": 0}, "missing_lines": [18, 19, 97, 98, 99, 100, 101, 102, 106, 118, 121, 123, 124, 125, 128, 129, 130, 131, 132, 135, 138, 141, 142, 158, 161, 162, 165, 168, 169, 170, 171, 174, 175, 176, 178, 189, 198, 209, 211, 212, 215, 216, 227, 228, 229, 230, 232, 236, 237, 238, 239, 240, 244, 245, 246, 247, 248, 256, 257, 258, 259, 267, 268, 269, 270, 274, 275, 276, 284, 285, 287, 289, 290, 291, 293, 295, 296, 298, 299, 300, 301, 303, 304, 305, 306, 308, 309, 310, 312, 321, 330], "excluded_lines": [], "functions": {"SmartSuggestionList.__init__": {"executed_lines": [], "summary": {"covered_lines": 0, "num_statements": 6, "percent_covered": 0.0, "percent_covered_display": "0", "missing_lines": 6, "excluded_lines": 0}, "missing_lines": [97, 98, 99, 100, 101, 102], "excluded_lines": []}, "SmartSuggestionList.on_mount": {"executed_lines": [], "summary": {"covered_lines": 0, "num_statements": 1, "percent_covered": 0.0, "percent_covered_display": "0", "missing_lines": 1, "excluded_lines": 0}, "missing_lines": [106], "excluded_lines": []}, "SmartSuggestionList.update_suggestions": {"executed_lines": [], "summary": {"covered_lines": 0, "num_statements": 14, "percent_covered": 0.0, "percent_covered_display": "0", "missing_lines": 14, "excluded_lines": 0}, "missing_lines": [118, 121, 123, 124, 125, 128, 129, 130, 131, 132, 135, 138, 141, 142], "excluded_lines": []}, "SmartSuggestionList._format_suggestion": {"executed_lines": [], "summary": {"covered_lines": 0, "num_statements": 12, "percent_covered": 0.0, "percent_covered_display": "0", "missing_lines": 12, "excluded_lines": 0}, "missing_lines": [158, 161, 162, 165, 168, 169, 170, 171, 174, 175, 176, 178], "excluded_lines": []}, "SmartSuggestionList._get_category_icon": {"executed_lines": [], "summary": {"covered_lines": 0, "num_statements": 2, "percent_covered": 0.0, "percent_covered_display": "0", "missing_lines": 2, "excluded_lines": 0}, "missing_lines": [189, 198], "excluded_lines": []}, "SmartSuggestionList._format_score": {"executed_lines": [], "summary": {"covered_lines": 0, "num_statements": 5, "percent_covered": 0.0, "percent_covered_display": "0", "missing_lines": 5, "excluded_lines": 0}, "missing_lines": [209, 211, 212, 215, 216], "excluded_lines": []}, "SmartSuggestionList._get_score_style": {"executed_lines": [], "summary": {"covered_lines": 0, "num_statements": 5, "percent_covered": 0.0, "percent_covered_display": "0", "missing_lines": 5, "excluded_lines": 0}, "missing_lines": [227, 228, 229, 230, 232], "excluded_lines": []}, "SmartSuggestionList.show": {"executed_lines": [], "summary": {"covered_lines": 0, "num_statements": 5, "percent_covered": 0.0, "percent_covered_display": "0", "missing_lines": 5, "excluded_lines": 0}, "missing_lines": [236, 237, 238, 239, 240], "excluded_lines": []}, "SmartSuggestionList.hide": {"executed_lines": [], "summary": {"covered_lines": 0, "num_statements": 5, "percent_covered": 0.0, "percent_covered_display": "0", "missing_lines": 5, "excluded_lines": 0}, "missing_lines": [244, 245, 246, 247, 248], "excluded_lines": []}, "SmartSuggestionList.get_selected": {"executed_lines": [], "summary": {"covered_lines": 0, "num_statements": 4, "percent_covered": 0.0, "percent_covered_display": "0", "missing_lines": 4, "excluded_lines": 0}, "missing_lines": [256, 257, 258, 259], "excluded_lines": []}, "SmartSuggestionList.get_selected_candidate": {"executed_lines": [], "summary": {"covered_lines": 0, "num_statements": 4, "percent_covered": 0.0, "percent_covered_display": "0", "missing_lines": 4, "excluded_lines": 0}, "missing_lines": [267, 268, 269, 270], "excluded_lines": []}, "SmartSuggestionList.clear": {"executed_lines": [], "summary": {"covered_lines": 0, "num_statements": 3, "percent_covered": 0.0, "percent_covered_display": "0", "missing_lines": 3, "excluded_lines": 0}, "missing_lines": [274, 275, 276], "excluded_lines": []}, "SmartSuggestionList.on_key": {"executed_lines": [], "summary": {"covered_lines": 0, "num_statements": 21, "percent_covered": 0.0, "percent_covered_display": "0", "missing_lines": 21, "excluded_lines": 0}, "missing_lines": [284, 285, 287, 289, 290, 291, 293, 295, 296, 298, 299, 300, 301, 303, 304, 305, 306, 308, 309, 310, 312], "excluded_lines": []}, "SmartSuggestionList.is_visible": {"executed_lines": [], "summary": {"covered_lines": 0, "num_statements": 1, "percent_covered": 0.0, "percent_covered_display": "0", "missing_lines": 1, "excluded_lines": 0}, "missing_lines": [321], "excluded_lines": []}, "SmartSuggestionList.suggestion_count": {"executed_lines": [], "summary": {"covered_lines": 0, "num_statements": 1, "percent_covered": 0.0, "percent_covered_display": "0", "missing_lines": 1, "excluded_lines": 0}, "missing_lines": [330], "excluded_lines": []}, "": {"executed_lines": [1, 7, 8, 9, 10, 11, 12, 13, 14, 16, 17, 21, 24, 25, 26, 27, 28, 29, 30, 31, 34, 35, 51, 82, 104, 108, 144, 180, 200, 218, 234, 242, 250, 261, 272, 278, 314, 315, 323, 324], "summary": {"covered_lines": 37, "num_statements": 39, "percent_covered": 94.87179487179488, "percent_covered_display": "95", "missing_lines": 2, "excluded_lines": 0}, "missing_lines": [18, 19], "excluded_lines": []}}, "classes": {"SuggestionDisplay": {"executed_lines": [], "summary": {"covered_lines": 0, "num_statements": 0, "percent_covered": 100.0, "percent_covered_display": "100", "missing_lines": 0, "excluded_lines": 0}, "missing_lines": [], "excluded_lines": []}, "SmartSuggestionList": {"executed_lines": [], "summary": {"covered_lines": 0, "num_statements": 89, "percent_covered": 0.0, "percent_covered_display": "0", "missing_lines": 89, "excluded_lines": 0}, "missing_lines": [97, 98, 99, 100, 101, 102, 106, 118, 121, 123, 124, 125, 128, 129, 130, 131, 132, 135, 138, 141, 142, 158, 161, 162, 165, 168, 169, 170, 171, 174, 175, 176, 178, 189, 198, 209, 211, 212, 215, 216, 227, 228, 229, 230, 232, 236, 237, 238, 239, 240, 244, 245, 246, 247, 248, 256, 257, 258, 259, 267, 268, 269, 270, 274, 275, 276, 284, 285, 287, 289, 290, 291, 293, 295, 296, 298, 299, 300, 301, 303, 304, 305, 306, 308, 309, 310, 312, 321, 330], "excluded_lines": []}, "": {"executed_lines": [1, 7, 8, 9, 10, 11, 12, 13, 14, 16, 17, 21, 24, 25, 26, 27, 28, 29, 30, 31, 34, 35, 51, 82, 104, 108, 144, 180, 200, 218, 234, 242, 250, 261, 272, 278, 314, 315, 323, 324], "summary": {"covered_lines": 37, "num_statements": 39, "percent_covered": 94.87179487179488, "percent_covered_display": "95", "missing_lines": 2, "excluded_lines": 0}, "missing_lines": [18, 19], "excluded_lines": []}}}, "src/vector/__init__.py": {"executed_lines": [1, 3, 4, 6], "summary": {"covered_lines": 3, "num_statements": 3, "percent_covered": 100.0, "percent_covered_display": "100", "missing_lines": 0, "excluded_lines": 0}, "missing_lines": [], "excluded_lines": [], "functions": {"": {"executed_lines": [1, 3, 4, 6], "summary": {"covered_lines": 3, "num_statements": 3, "percent_covered": 100.0, "percent_covered_display": "100", "missing_lines": 0, "excluded_lines": 0}, "missing_lines": [], "excluded_lines": []}}, "classes": {"": {"executed_lines": [1, 3, 4, 6], "summary": {"covered_lines": 3, "num_statements": 3, "percent_covered": 100.0, "percent_covered_display": "100", "missing_lines": 0, "excluded_lines": 0}, "missing_lines": [], "excluded_lines": []}}}, "src/vector/autocomplete.py": {"executed_lines": [1, 3, 4, 5, 6, 8, 10, 13, 14, 15, 16, 17, 18, 19, 22, 23, 25, 36, 46, 97, 148, 209, 247, 278, 299, 309], "summary": {"covered_lines": 23, "num_statements": 109, "percent_covered": 21.10091743119266, "percent_covered_display": "21", "missing_lines": 86, "excluded_lines": 0}, "missing_lines": [31, 32, 33, 34, 42, 43, 44, 64, 65, 68, 73, 76, 77, 80, 81, 84, 85, 88, 89, 95, 113, 116, 119, 126, 127, 130, 131, 132, 133, 134, 135, 137, 139, 146, 162, 163, 166, 167, 173, 174, 180, 181, 187, 188, 189, 197, 198, 199, 200, 207, 223, 226, 227, 228, 229, 237, 238, 245, 256, 257, 259, 260, 262, 266, 267, 269, 276, 290, 292, 293, 294, 295, 297, 306, 307, 327, 334, 336, 337, 338, 339, 340, 341, 342, 343, 345], "excluded_lines": [], "functions": {"IntelligentCompleter.__init__": {"executed_lines": [], "summary": {"covered_lines": 0, "num_statements": 4, "percent_covered": 0.0, "percent_covered_display": "0", "missing_lines": 4, "excluded_lines": 0}, "missing_lines": [31, 32, 33, 34], "excluded_lines": []}, "IntelligentCompleter.add_to_history": {"executed_lines": [], "summary": {"covered_lines": 0, "num_statements": 3, "percent_covered": 0.0, "percent_covered_display": "0", "missing_lines": 3, "excluded_lines": 0}, "missing_lines": [42, 43, 44], "excluded_lines": []}, "IntelligentCompleter.get_completions": {"executed_lines": [], "summary": {"covered_lines": 0, "num_statements": 13, "percent_covered": 0.0, "percent_covered_display": "0", "missing_lines": 13, "excluded_lines": 0}, "missing_lines": [64, 65, 68, 73, 76, 77, 80, 81, 84, 85, 88, 89, 95], "excluded_lines": []}, "IntelligentCompleter._get_vector_completions": {"executed_lines": [], "summary": {"covered_lines": 0, "num_statements": 14, "percent_covered": 0.0, "percent_covered_display": "0", "missing_lines": 14, "excluded_lines": 0}, "missing_lines": [113, 116, 119, 126, 127, 130, 131, 132, 133, 134, 135, 137, 139, 146], "excluded_lines": []}, "IntelligentCompleter._get_pattern_completions": {"executed_lines": [], "summary": {"covered_lines": 0, "num_statements": 16, "percent_covered": 0.0, "percent_covered_display": "0", "missing_lines": 16, "excluded_lines": 0}, "missing_lines": [162, 163, 166, 167, 173, 174, 180, 181, 187, 188, 189, 197, 198, 199, 200, 207], "excluded_lines": []}, "IntelligentCompleter._get_syntax_completions": {"executed_lines": [], "summary": {"covered_lines": 0, "num_statements": 8, "percent_covered": 0.0, "percent_covered_display": "0", "missing_lines": 8, "excluded_lines": 0}, "missing_lines": [223, 226, 227, 228, 229, 237, 238, 245], "excluded_lines": []}, "IntelligentCompleter._get_history_completions": {"executed_lines": [], "summary": {"covered_lines": 0, "num_statements": 9, "percent_covered": 0.0, "percent_covered_display": "0", "missing_lines": 9, "excluded_lines": 0}, "missing_lines": [256, 257, 259, 260, 262, 266, 267, 269, 276], "excluded_lines": []}, "IntelligentCompleter._deduplicate_candidates": {"executed_lines": [], "summary": {"covered_lines": 0, "num_statements": 6, "percent_covered": 0.0, "percent_covered_display": "0", "missing_lines": 6, "excluded_lines": 0}, "missing_lines": [290, 292, 293, 294, 295, 297], "excluded_lines": []}, "IntelligentCompleter.register_pattern": {"executed_lines": [], "summary": {"covered_lines": 0, "num_statements": 2, "percent_covered": 0.0, "percent_covered_display": "0", "missing_lines": 2, "excluded_lines": 0}, "missing_lines": [306, 307], "excluded_lines": []}, "IntelligentCompleter.get_context_aware_completions": {"executed_lines": [], "summary": {"covered_lines": 0, "num_statements": 11, "percent_covered": 0.0, "percent_covered_display": "0", "missing_lines": 11, "excluded_lines": 0}, "missing_lines": [327, 334, 336, 337, 338, 339, 340, 341, 342, 343, 345], "excluded_lines": []}, "": {"executed_lines": [1, 3, 4, 5, 6, 8, 10, 13, 14, 15, 16, 17, 18, 19, 22, 23, 25, 36, 46, 97, 148, 209, 247, 278, 299, 309], "summary": {"covered_lines": 23, "num_statements": 23, "percent_covered": 100.0, "percent_covered_display": "100", "missing_lines": 0, "excluded_lines": 0}, "missing_lines": [], "excluded_lines": []}}, "classes": {"CompletionCandidate": {"executed_lines": [], "summary": {"covered_lines": 0, "num_statements": 0, "percent_covered": 100.0, "percent_covered_display": "100", "missing_lines": 0, "excluded_lines": 0}, "missing_lines": [], "excluded_lines": []}, "IntelligentCompleter": {"executed_lines": [], "summary": {"covered_lines": 0, "num_statements": 86, "percent_covered": 0.0, "percent_covered_display": "0", "missing_lines": 86, "excluded_lines": 0}, "missing_lines": [31, 32, 33, 34, 42, 43, 44, 64, 65, 68, 73, 76, 77, 80, 81, 84, 85, 88, 89, 95, 113, 116, 119, 126, 127, 130, 131, 132, 133, 134, 135, 137, 139, 146, 162, 163, 166, 167, 173, 174, 180, 181, 187, 188, 189, 197, 198, 199, 200, 207, 223, 226, 227, 228, 229, 237, 238, 245, 256, 257, 259, 260, 262, 266, 267, 269, 276, 290, 292, 293, 294, 295, 297, 306, 307, 327, 334, 336, 337, 338, 339, 340, 341, 342, 343, 345], "excluded_lines": []}, "": {"executed_lines": [1, 3, 4, 5, 6, 8, 10, 13, 14, 15, 16, 17, 18, 19, 22, 23, 25, 36, 46, 97, 148, 209, 247, 278, 299, 309], "summary": {"covered_lines": 23, "num_statements": 23, "percent_covered": 100.0, "percent_covered_display": "100", "missing_lines": 0, "excluded_lines": 0}, "missing_lines": [], "excluded_lines": []}}}, "src/vector/store.py": {"executed_lines": [1, 3, 4, 5, 6, 9, 10, 11, 16, 19, 20, 21, 22, 23, 24, 25, 28, 29, 31, 41, 54, 88, 89, 91, 114, 157, 220, 234, 252, 306], "summary": {"covered_lines": 26, "num_statements": 125, "percent_covered": 20.8, "percent_covered_display": "21", "missing_lines": 99, "excluded_lines": 0}, "missing_lines": [12, 13, 14, 37, 38, 39, 47, 48, 50, 51, 52, 64, 65, 67, 68, 71, 72, 73, 74, 75, 76, 78, 81, 82, 83, 85, 98, 99, 101, 104, 105, 108, 109, 111, 112, 129, 130, 135, 142, 143, 144, 147, 149, 150, 153, 155, 175, 176, 179, 180, 182, 184, 186, 187, 188, 189, 191, 194, 195, 200, 204, 205, 206, 209, 210, 211, 213, 215, 216, 218, 229, 230, 231, 232, 243, 244, 245, 248, 249, 250, 263, 264, 265, 268, 269, 270, 282, 283, 284, 285, 287, 291, 292, 304, 312, 313, 314, 315, 317], "excluded_lines": [], "functions": {"MockFAISSIndex.__init__": {"executed_lines": [], "summary": {"covered_lines": 0, "num_statements": 3, "percent_covered": 0.0, "percent_covered_display": "0", "missing_lines": 3, "excluded_lines": 0}, "missing_lines": [37, 38, 39], "excluded_lines": []}, "MockFAISSIndex.add": {"executed_lines": [], "summary": {"covered_lines": 0, "num_statements": 5, "percent_covered": 0.0, "percent_covered_display": "0", "missing_lines": 5, "excluded_lines": 0}, "missing_lines": [47, 48, 50, 51, 52], "excluded_lines": []}, "MockFAISSIndex.search": {"executed_lines": [], "summary": {"covered_lines": 0, "num_statements": 15, "percent_covered": 0.0, "percent_covered_display": "0", "missing_lines": 15, "excluded_lines": 0}, "missing_lines": [64, 65, 67, 68, 71, 72, 73, 74, 75, 76, 78, 81, 82, 83, 85], "excluded_lines": []}, "VectorDatabase.__init__": {"executed_lines": [], "summary": {"covered_lines": 0, "num_statements": 9, "percent_covered": 0.0, "percent_covered_display": "0", "missing_lines": 9, "excluded_lines": 0}, "missing_lines": [98, 99, 101, 104, 105, 108, 109, 111, 112], "excluded_lines": []}, "VectorDatabase.add_object": {"executed_lines": [], "summary": {"covered_lines": 0, "num_statements": 11, "percent_covered": 0.0, "percent_covered_display": "0", "missing_lines": 11, "excluded_lines": 0}, "missing_lines": [129, 130, 135, 142, 143, 144, 147, 149, 150, 153, 155], "excluded_lines": []}, "VectorDatabase.search_similar": {"executed_lines": [], "summary": {"covered_lines": 0, "num_statements": 24, "percent_covered": 0.0, "percent_covered_display": "0", "missing_lines": 24, "excluded_lines": 0}, "missing_lines": [175, 176, 179, 180, 182, 184, 186, 187, 188, 189, 191, 194, 195, 200, 204, 205, 206, 209, 210, 211, 213, 215, 216, 218], "excluded_lines": []}, "VectorDatabase.get_by_id": {"executed_lines": [], "summary": {"covered_lines": 0, "num_statements": 4, "percent_covered": 0.0, "percent_covered_display": "0", "missing_lines": 4, "excluded_lines": 0}, "missing_lines": [229, 230, 231, 232], "excluded_lines": []}, "VectorDatabase.delete_by_id": {"executed_lines": [], "summary": {"covered_lines": 0, "num_statements": 6, "percent_covered": 0.0, "percent_covered_display": "0", "missing_lines": 6, "excluded_lines": 0}, "missing_lines": [243, 244, 245, 248, 249, 250], "excluded_lines": []}, "VectorDatabase.index_database_objects": {"executed_lines": [], "summary": {"covered_lines": 0, "num_statements": 14, "percent_covered": 0.0, "percent_covered_display": "0", "missing_lines": 14, "excluded_lines": 0}, "missing_lines": [263, 264, 265, 268, 269, 270, 282, 283, 284, 285, 287, 291, 292, 304], "excluded_lines": []}, "VectorDatabase.get_stats": {"executed_lines": [], "summary": {"covered_lines": 0, "num_statements": 5, "percent_covered": 0.0, "percent_covered_display": "0", "missing_lines": 5, "excluded_lines": 0}, "missing_lines": [312, 313, 314, 315, 317], "excluded_lines": []}, "": {"executed_lines": [1, 3, 4, 5, 6, 9, 10, 11, 16, 19, 20, 21, 22, 23, 24, 25, 28, 29, 31, 41, 54, 88, 89, 91, 114, 157, 220, 234, 252, 306], "summary": {"covered_lines": 26, "num_statements": 29, "percent_covered": 89.65517241379311, "percent_covered_display": "90", "missing_lines": 3, "excluded_lines": 0}, "missing_lines": [12, 13, 14], "excluded_lines": []}}, "classes": {"VectorEntry": {"executed_lines": [], "summary": {"covered_lines": 0, "num_statements": 0, "percent_covered": 100.0, "percent_covered_display": "100", "missing_lines": 0, "excluded_lines": 0}, "missing_lines": [], "excluded_lines": []}, "MockFAISSIndex": {"executed_lines": [], "summary": {"covered_lines": 0, "num_statements": 23, "percent_covered": 0.0, "percent_covered_display": "0", "missing_lines": 23, "excluded_lines": 0}, "missing_lines": [37, 38, 39, 47, 48, 50, 51, 52, 64, 65, 67, 68, 71, 72, 73, 74, 75, 76, 78, 81, 82, 83, 85], "excluded_lines": []}, "VectorDatabase": {"executed_lines": [], "summary": {"covered_lines": 0, "num_statements": 73, "percent_covered": 0.0, "percent_covered_display": "0", "missing_lines": 73, "excluded_lines": 0}, "missing_lines": [98, 99, 101, 104, 105, 108, 109, 111, 112, 129, 130, 135, 142, 143, 144, 147, 149, 150, 153, 155, 175, 176, 179, 180, 182, 184, 186, 187, 188, 189, 191, 194, 195, 200, 204, 205, 206, 209, 210, 211, 213, 215, 216, 218, 229, 230, 231, 232, 243, 244, 245, 248, 249, 250, 263, 264, 265, 268, 269, 270, 282, 283, 284, 285, 287, 291, 292, 304, 312, 313, 314, 315, 317], "excluded_lines": []}, "": {"executed_lines": [1, 3, 4, 5, 6, 9, 10, 11, 16, 19, 20, 21, 22, 23, 24, 25, 28, 29, 31, 41, 54, 88, 89, 91, 114, 157, 220, 234, 252, 306], "summary": {"covered_lines": 26, "num_statements": 29, "percent_covered": 89.65517241379311, "percent_covered_display": "90", "missing_lines": 3, "excluded_lines": 0}, "missing_lines": [12, 13, 14], "excluded_lines": []}}}}, "totals": {"covered_lines": 1886, "num_statements": 10500, "percent_covered": 17.961904761904762, "percent_covered_display": "18", "missing_lines": 8614, "excluded_lines": 0}}