{"meta": {"format": 3, "version": "7.8.0", "timestamp": "2025-10-12T10:18:07.449808", "branch_coverage": false, "show_contexts": false}, "files": {"src/plugins/__init__.py": {"executed_lines": [1, 6, 15, 16, 17, 18, 19, 20, 21, 23], "summary": {"covered_lines": 9, "num_statements": 9, "percent_covered": 100.0, "percent_covered_display": "100", "missing_lines": 0, "excluded_lines": 0}, "missing_lines": [], "excluded_lines": [], "functions": {"": {"executed_lines": [1, 6, 15, 16, 17, 18, 19, 20, 21, 23], "summary": {"covered_lines": 9, "num_statements": 9, "percent_covered": 100.0, "percent_covered_display": "100", "missing_lines": 0, "excluded_lines": 0}, "missing_lines": [], "excluded_lines": []}}, "classes": {"": {"executed_lines": [1, 6, 15, 16, 17, 18, 19, 20, 21, 23], "summary": {"covered_lines": 9, "num_statements": 9, "percent_covered": 100.0, "percent_covered_display": "100", "missing_lines": 0, "excluded_lines": 0}, "missing_lines": [], "excluded_lines": []}}}, "src/plugins/config.py": {"executed_lines": [1, 3, 4, 5, 6, 8, 11, 12, 14, 24, 25, 26, 27, 29, 40, 42, 50, 52, 59, 60, 62, 63, 64, 65, 66, 69, 70, 71, 73, 80, 83, 84, 86, 93, 94, 95, 96, 98, 106, 108, 109, 110, 112, 113, 115, 116, 117, 119, 130, 131, 133, 135, 136, 138, 139, 140, 147, 148, 149, 151, 161, 163, 164, 165, 167, 168, 170, 171, 177, 184, 186, 187, 188, 190], "summary": {"covered_lines": 71, "num_statements": 79, "percent_covered": 89.87341772151899, "percent_covered_display": "90", "missing_lines": 8, "excluded_lines": 0}, "missing_lines": [67, 68, 142, 143, 145, 173, 174, 175], "excluded_lines": [], "functions": {"PluginConfig.__init__": {"executed_lines": [24, 25, 26, 27], "summary": {"covered_lines": 4, "num_statements": 4, "percent_covered": 100.0, "percent_covered_display": "100", "missing_lines": 0, "excluded_lines": 0}, "missing_lines": [], "excluded_lines": []}, "PluginConfig.get": {"executed_lines": [40], "summary": {"covered_lines": 1, "num_statements": 1, "percent_covered": 100.0, "percent_covered_display": "100", "missing_lines": 0, "excluded_lines": 0}, "missing_lines": [], "excluded_lines": []}, "PluginConfig.set": {"executed_lines": [50], "summary": {"covered_lines": 1, "num_statements": 1, "percent_covered": 100.0, "percent_covered_display": "100", "missing_lines": 0, "excluded_lines": 0}, "missing_lines": [], "excluded_lines": []}, "PluginConfig.is_valid": {"executed_lines": [59, 60, 62, 63, 64, 65, 66, 69, 70, 71], "summary": {"covered_lines": 10, "num_statements": 12, "percent_covered": 83.33333333333333, "percent_covered_display": "83", "missing_lines": 2, "excluded_lines": 0}, "missing_lines": [67, 68], "excluded_lines": []}, "PluginConfig.to_dict": {"executed_lines": [80], "summary": {"covered_lines": 1, "num_statements": 1, "percent_covered": 100.0, "percent_covered_display": "100", "missing_lines": 0, "excluded_lines": 0}, "missing_lines": [], "excluded_lines": []}, "PluginConfigManager.__init__": {"executed_lines": [93, 94, 95, 96], "summary": {"covered_lines": 4, "num_statements": 4, "percent_covered": 100.0, "percent_covered_display": "100", "missing_lines": 0, "excluded_lines": 0}, "missing_lines": [], "excluded_lines": []}, "PluginConfigManager.save_config": {"executed_lines": [106, 108, 109, 110, 112, 113, 115, 116, 117], "summary": {"covered_lines": 9, "num_statements": 9, "percent_covered": 100.0, "percent_covered_display": "100", "missing_lines": 0, "excluded_lines": 0}, "missing_lines": [], "excluded_lines": []}, "PluginConfigManager.load_config": {"executed_lines": [130, 131, 133, 135, 136, 138, 139, 140, 147, 148, 149], "summary": {"covered_lines": 11, "num_statements": 14, "percent_covered": 78.57142857142857, "percent_covered_display": "79", "missing_lines": 3, "excluded_lines": 0}, "missing_lines": [142, 143, 145], "excluded_lines": []}, "PluginConfigManager.delete_config": {"executed_lines": [161, 163, 164, 165, 167, 168, 170, 171], "summary": {"covered_lines": 8, "num_statements": 11, "percent_covered": 72.72727272727273, "percent_covered_display": "73", "missing_lines": 3, "excluded_lines": 0}, "missing_lines": [173, 174, 175], "excluded_lines": []}, "PluginConfigManager.list_configs": {"executed_lines": [184, 186, 187, 188, 190], "summary": {"covered_lines": 5, "num_statements": 5, "percent_covered": 100.0, "percent_covered_display": "100", "missing_lines": 0, "excluded_lines": 0}, "missing_lines": [], "excluded_lines": []}, "": {"executed_lines": [1, 3, 4, 5, 6, 8, 11, 12, 14, 29, 42, 52, 73, 83, 84, 86, 98, 119, 151, 177], "summary": {"covered_lines": 17, "num_statements": 17, "percent_covered": 100.0, "percent_covered_display": "100", "missing_lines": 0, "excluded_lines": 0}, "missing_lines": [], "excluded_lines": []}}, "classes": {"PluginConfig": {"executed_lines": [24, 25, 26, 27, 40, 50, 59, 60, 62, 63, 64, 65, 66, 69, 70, 71, 80], "summary": {"covered_lines": 17, "num_statements": 19, "percent_covered": 89.47368421052632, "percent_covered_display": "89", "missing_lines": 2, "excluded_lines": 0}, "missing_lines": [67, 68], "excluded_lines": []}, "PluginConfigManager": {"executed_lines": [93, 94, 95, 96, 106, 108, 109, 110, 112, 113, 115, 116, 117, 130, 131, 133, 135, 136, 138, 139, 140, 147, 148, 149, 161, 163, 164, 165, 167, 168, 170, 171, 184, 186, 187, 188, 190], "summary": {"covered_lines": 37, "num_statements": 43, "percent_covered": 86.04651162790698, "percent_covered_display": "86", "missing_lines": 6, "excluded_lines": 0}, "missing_lines": [142, 143, 145, 173, 174, 175], "excluded_lines": []}, "": {"executed_lines": [1, 3, 4, 5, 6, 8, 11, 12, 14, 29, 42, 52, 73, 83, 84, 86, 98, 119, 151, 177], "summary": {"covered_lines": 17, "num_statements": 17, "percent_covered": 100.0, "percent_covered_display": "100", "missing_lines": 0, "excluded_lines": 0}, "missing_lines": [], "excluded_lines": []}}}, "src/plugins/dependencies.py": {"executed_lines": [1, 3, 4, 5, 6, 8, 11, 12, 14, 16, 17, 18, 20, 28, 29, 31, 39, 41, 51, 52, 54, 55, 57, 58, 59, 60, 61, 62, 64, 70, 78, 79, 80, 87, 88, 89, 99, 110, 112, 113, 114, 115, 117, 118, 119, 123, 134, 135, 138, 139, 140, 141, 142, 143, 144, 145, 146, 147, 148, 149, 150, 151, 152, 158, 159, 160, 162, 169, 170, 172, 173, 174, 175, 178, 180, 181, 183, 184, 185, 186, 187, 189, 191, 192, 194, 195, 196, 197, 198, 200, 202, 209, 212, 213, 214, 215, 216, 219, 220, 222, 223, 224, 227, 228, 229, 230, 235], "summary": {"covered_lines": 105, "num_statements": 113, "percent_covered": 92.92035398230088, "percent_covered_display": "93", "missing_lines": 8, "excluded_lines": 0}, "missing_lines": [93, 94, 121, 155, 156, 231, 232, 233], "excluded_lines": [], "functions": {"DependencyResolver.__init__": {"executed_lines": [16, 17, 18], "summary": {"covered_lines": 3, "num_statements": 3, "percent_covered": 100.0, "percent_covered_display": "100", "missing_lines": 0, "excluded_lines": 0}, "missing_lines": [], "excluded_lines": []}, "DependencyResolver.register_available": {"executed_lines": [28, 29], "summary": {"covered_lines": 2, "num_statements": 2, "percent_covered": 100.0, "percent_covered_display": "100", "missing_lines": 0, "excluded_lines": 0}, "missing_lines": [], "excluded_lines": []}, "DependencyResolver.register_plugin": {"executed_lines": [39], "summary": {"covered_lines": 1, "num_statements": 1, "percent_covered": 100.0, "percent_covered_display": "100", "missing_lines": 0, "excluded_lines": 0}, "missing_lines": [], "excluded_lines": []}, "DependencyResolver.check_dependencies": {"executed_lines": [51, 52, 54, 55, 57, 58, 59, 60, 61, 62, 64], "summary": {"covered_lines": 11, "num_statements": 11, "percent_covered": 100.0, "percent_covered_display": "100", "missing_lines": 0, "excluded_lines": 0}, "missing_lines": [], "excluded_lines": []}, "DependencyResolver.resolve_load_order": {"executed_lines": [78, 79, 80, 87, 88, 89], "summary": {"covered_lines": 6, "num_statements": 8, "percent_covered": 75.0, "percent_covered_display": "75", "missing_lines": 2, "excluded_lines": 0}, "missing_lines": [93, 94], "excluded_lines": []}, "DependencyResolver._parse_dependency": {"executed_lines": [110, 112, 113, 114, 115, 117, 118, 119], "summary": {"covered_lines": 8, "num_statements": 9, "percent_covered": 88.88888888888889, "percent_covered_display": "89", "missing_lines": 1, "excluded_lines": 0}, "missing_lines": [121], "excluded_lines": []}, "DependencyResolver._check_version_compatibility": {"executed_lines": [134, 135, 138, 139, 140, 141, 142, 143, 144, 145, 146, 147, 148, 149, 150, 151, 152, 158, 159, 160], "summary": {"covered_lines": 20, "num_statements": 22, "percent_covered": 90.9090909090909, "percent_covered_display": "91", "missing_lines": 2, "excluded_lines": 0}, "missing_lines": [155, 156], "excluded_lines": []}, "DependencyResolver._detect_circular_dependencies": {"executed_lines": [169, 170, 172, 194, 195, 196, 197, 198, 200], "summary": {"covered_lines": 9, "num_statements": 9, "percent_covered": 100.0, "percent_covered_display": "100", "missing_lines": 0, "excluded_lines": 0}, "missing_lines": [], "excluded_lines": []}, "DependencyResolver._detect_circular_dependencies.visit": {"executed_lines": [173, 174, 175, 178, 180, 181, 183, 184, 185, 186, 187, 189, 191, 192], "summary": {"covered_lines": 14, "num_statements": 14, "percent_covered": 100.0, "percent_covered_display": "100", "missing_lines": 0, "excluded_lines": 0}, "missing_lines": [], "excluded_lines": []}, "DependencyResolver._topological_sort": {"executed_lines": [209, 212, 213, 214, 215, 216, 219, 220, 222, 223, 224, 227, 228, 229, 230, 235], "summary": {"covered_lines": 16, "num_statements": 19, "percent_covered": 84.21052631578948, "percent_covered_display": "84", "missing_lines": 3, "excluded_lines": 0}, "missing_lines": [231, 232, 233], "excluded_lines": []}, "": {"executed_lines": [1, 3, 4, 5, 6, 8, 11, 12, 14, 20, 31, 41, 70, 99, 123, 162, 202], "summary": {"covered_lines": 15, "num_statements": 15, "percent_covered": 100.0, "percent_covered_display": "100", "missing_lines": 0, "excluded_lines": 0}, "missing_lines": [], "excluded_lines": []}}, "classes": {"DependencyResolver": {"executed_lines": [16, 17, 18, 28, 29, 39, 51, 52, 54, 55, 57, 58, 59, 60, 61, 62, 64, 78, 79, 80, 87, 88, 89, 110, 112, 113, 114, 115, 117, 118, 119, 134, 135, 138, 139, 140, 141, 142, 143, 144, 145, 146, 147, 148, 149, 150, 151, 152, 158, 159, 160, 169, 170, 172, 173, 174, 175, 178, 180, 181, 183, 184, 185, 186, 187, 189, 191, 192, 194, 195, 196, 197, 198, 200, 209, 212, 213, 214, 215, 216, 219, 220, 222, 223, 224, 227, 228, 229, 230, 235], "summary": {"covered_lines": 90, "num_statements": 98, "percent_covered": 91.83673469387755, "percent_covered_display": "92", "missing_lines": 8, "excluded_lines": 0}, "missing_lines": [93, 94, 121, 155, 156, 231, 232, 233], "excluded_lines": []}, "": {"executed_lines": [1, 3, 4, 5, 6, 8, 11, 12, 14, 20, 31, 41, 70, 99, 123, 162, 202], "summary": {"covered_lines": 15, "num_statements": 15, "percent_covered": 100.0, "percent_covered_display": "100", "missing_lines": 0, "excluded_lines": 0}, "missing_lines": [], "excluded_lines": []}}}, "src/plugins/discovery.py": {"executed_lines": [1, 3, 4, 5, 6, 7, 9, 12, 13, 15, 22, 23, 25, 35, 37, 38, 39, 41, 42, 43, 45, 46, 47, 49, 50, 54, 56, 66, 67, 68, 71, 74, 75, 76, 77, 78, 79, 81, 83, 85, 86, 87, 88, 90, 100, 103, 104, 105, 106, 107, 110, 111, 112, 114, 116, 123, 124, 126], "summary": {"covered_lines": 56, "num_statements": 59, "percent_covered": 94.91525423728814, "percent_covered_display": "95", "missing_lines": 3, "excluded_lines": 0}, "missing_lines": [51, 52, 113], "excluded_lines": [], "functions": {"PluginDiscovery.__init__": {"executed_lines": [22, 23], "summary": {"covered_lines": 2, "num_statements": 2, "percent_covered": 100.0, "percent_covered_display": "100", "missing_lines": 0, "excluded_lines": 0}, "missing_lines": [], "excluded_lines": []}, "PluginDiscovery.discover": {"executed_lines": [35, 37, 38, 39, 41, 42, 43, 45, 46, 47, 49, 50, 54], "summary": {"covered_lines": 13, "num_statements": 15, "percent_covered": 86.66666666666667, "percent_covered_display": "87", "missing_lines": 2, "excluded_lines": 0}, "missing_lines": [51, 52], "excluded_lines": []}, "PluginDiscovery._extract_metadata": {"executed_lines": [66, 67, 68, 71, 74, 75, 76, 77, 78, 79, 81, 83, 85, 86, 87, 88], "summary": {"covered_lines": 16, "num_statements": 16, "percent_covered": 100.0, "percent_covered_display": "100", "missing_lines": 0, "excluded_lines": 0}, "missing_lines": [], "excluded_lines": []}, "PluginDiscovery._extract_class_metadata": {"executed_lines": [100, 103, 104, 105, 106, 107, 110, 111, 112, 114, 116, 123, 124, 126], "summary": {"covered_lines": 14, "num_statements": 15, "percent_covered": 93.33333333333333, "percent_covered_display": "93", "missing_lines": 1, "excluded_lines": 0}, "missing_lines": [113], "excluded_lines": []}, "": {"executed_lines": [1, 3, 4, 5, 6, 7, 9, 12, 13, 15, 25, 56, 90], "summary": {"covered_lines": 11, "num_statements": 11, "percent_covered": 100.0, "percent_covered_display": "100", "missing_lines": 0, "excluded_lines": 0}, "missing_lines": [], "excluded_lines": []}}, "classes": {"PluginDiscovery": {"executed_lines": [22, 23, 35, 37, 38, 39, 41, 42, 43, 45, 46, 47, 49, 50, 54, 66, 67, 68, 71, 74, 75, 76, 77, 78, 79, 81, 83, 85, 86, 87, 88, 100, 103, 104, 105, 106, 107, 110, 111, 112, 114, 116, 123, 124, 126], "summary": {"covered_lines": 45, "num_statements": 48, "percent_covered": 93.75, "percent_covered_display": "94", "missing_lines": 3, "excluded_lines": 0}, "missing_lines": [51, 52, 113], "excluded_lines": []}, "": {"executed_lines": [1, 3, 4, 5, 6, 7, 9, 12, 13, 15, 25, 56, 90], "summary": {"covered_lines": 11, "num_statements": 11, "percent_covered": 100.0, "percent_covered_display": "100", "missing_lines": 0, "excluded_lines": 0}, "missing_lines": [], "excluded_lines": []}}}, "src/plugins/hooks.py": {"executed_lines": [1, 3, 4, 5, 7, 10, 11, 13, 21, 22, 25, 26, 28, 30, 31, 33, 42, 43, 46, 48, 50, 61, 62, 64, 65, 70, 72, 83, 84, 86, 88, 89, 90, 91, 92, 94, 96, 107, 108, 110, 112, 113, 114, 115, 116, 117, 118, 120, 122, 132, 134, 144, 146, 153, 154, 155, 156], "summary": {"covered_lines": 54, "num_statements": 54, "percent_covered": 100.0, "percent_covered_display": "100", "missing_lines": 0, "excluded_lines": 0}, "missing_lines": [], "excluded_lines": [], "functions": {"Hook.__init__": {"executed_lines": [21, 22], "summary": {"covered_lines": 2, "num_statements": 2, "percent_covered": 100.0, "percent_covered_display": "100", "missing_lines": 0, "excluded_lines": 0}, "missing_lines": [], "excluded_lines": []}, "HookManager.__init__": {"executed_lines": [30, 31], "summary": {"covered_lines": 2, "num_statements": 2, "percent_covered": 100.0, "percent_covered_display": "100", "missing_lines": 0, "excluded_lines": 0}, "missing_lines": [], "excluded_lines": []}, "HookManager.register_hook": {"executed_lines": [42, 43, 46, 48], "summary": {"covered_lines": 4, "num_statements": 4, "percent_covered": 100.0, "percent_covered_display": "100", "missing_lines": 0, "excluded_lines": 0}, "missing_lines": [], "excluded_lines": []}, "HookManager.unregister_hook": {"executed_lines": [61, 62, 64, 65, 70], "summary": {"covered_lines": 5, "num_statements": 5, "percent_covered": 100.0, "percent_covered_display": "100", "missing_lines": 0, "excluded_lines": 0}, "missing_lines": [], "excluded_lines": []}, "HookManager.execute_hook": {"executed_lines": [83, 84, 86, 88, 89, 90, 91, 92, 94], "summary": {"covered_lines": 9, "num_statements": 9, "percent_covered": 100.0, "percent_covered_display": "100", "missing_lines": 0, "excluded_lines": 0}, "missing_lines": [], "excluded_lines": []}, "HookManager.execute_hooks_async": {"executed_lines": [107, 108, 110, 112, 113, 114, 115, 116, 117, 118, 120], "summary": {"covered_lines": 11, "num_statements": 11, "percent_covered": 100.0, "percent_covered_display": "100", "missing_lines": 0, "excluded_lines": 0}, "missing_lines": [], "excluded_lines": []}, "HookManager.has_hooks": {"executed_lines": [132], "summary": {"covered_lines": 1, "num_statements": 1, "percent_covered": 100.0, "percent_covered_display": "100", "missing_lines": 0, "excluded_lines": 0}, "missing_lines": [], "excluded_lines": []}, "HookManager.get_hook_count": {"executed_lines": [144], "summary": {"covered_lines": 1, "num_statements": 1, "percent_covered": 100.0, "percent_covered_display": "100", "missing_lines": 0, "excluded_lines": 0}, "missing_lines": [], "excluded_lines": []}, "HookManager.clear_hooks": {"executed_lines": [153, 154, 155, 156], "summary": {"covered_lines": 4, "num_statements": 4, "percent_covered": 100.0, "percent_covered_display": "100", "missing_lines": 0, "excluded_lines": 0}, "missing_lines": [], "excluded_lines": []}, "": {"executed_lines": [1, 3, 4, 5, 7, 10, 11, 13, 25, 26, 28, 33, 50, 72, 96, 122, 134, 146], "summary": {"covered_lines": 15, "num_statements": 15, "percent_covered": 100.0, "percent_covered_display": "100", "missing_lines": 0, "excluded_lines": 0}, "missing_lines": [], "excluded_lines": []}}, "classes": {"Hook": {"executed_lines": [21, 22], "summary": {"covered_lines": 2, "num_statements": 2, "percent_covered": 100.0, "percent_covered_display": "100", "missing_lines": 0, "excluded_lines": 0}, "missing_lines": [], "excluded_lines": []}, "HookManager": {"executed_lines": [30, 31, 42, 43, 46, 48, 61, 62, 64, 65, 70, 83, 84, 86, 88, 89, 90, 91, 92, 94, 107, 108, 110, 112, 113, 114, 115, 116, 117, 118, 120, 132, 144, 153, 154, 155, 156], "summary": {"covered_lines": 37, "num_statements": 37, "percent_covered": 100.0, "percent_covered_display": "100", "missing_lines": 0, "excluded_lines": 0}, "missing_lines": [], "excluded_lines": []}, "": {"executed_lines": [1, 3, 4, 5, 7, 10, 11, 13, 25, 26, 28, 33, 50, 72, 96, 122, 134, 146], "summary": {"covered_lines": 15, "num_statements": 15, "percent_covered": 100.0, "percent_covered_display": "100", "missing_lines": 0, "excluded_lines": 0}, "missing_lines": [], "excluded_lines": []}}}, "src/plugins/loader.py": {"executed_lines": [1, 3, 4, 5, 6, 7, 9, 12, 13, 15, 17, 18, 20, 34, 35, 37, 38, 41, 44, 45, 48, 51, 54, 57, 60, 62, 63, 66, 68, 70, 71, 72, 73, 74, 76, 86, 87, 89, 90, 92, 93, 94, 96, 97, 98, 100, 102, 112, 115, 117, 118, 122, 126, 129, 133], "summary": {"covered_lines": 53, "num_statements": 56, "percent_covered": 94.64285714285714, "percent_covered_display": "95", "missing_lines": 3, "excluded_lines": 0}, "missing_lines": [46, 130, 131], "excluded_lines": [], "functions": {"PluginLoader.__init__": {"executed_lines": [17, 18], "summary": {"covered_lines": 2, "num_statements": 2, "percent_covered": 100.0, "percent_covered_display": "100", "missing_lines": 0, "excluded_lines": 0}, "missing_lines": [], "excluded_lines": []}, "PluginLoader.load_from_path": {"executed_lines": [34, 35, 37, 38, 41, 44, 45, 48, 51, 54, 57, 60, 62, 63, 66, 68, 70, 71, 72, 73, 74], "summary": {"covered_lines": 21, "num_statements": 22, "percent_covered": 95.45454545454545, "percent_covered_display": "95", "missing_lines": 1, "excluded_lines": 0}, "missing_lines": [46], "excluded_lines": []}, "PluginLoader.load_from_directory": {"executed_lines": [86, 87, 89, 90, 92, 93, 94, 96, 97, 98, 100], "summary": {"covered_lines": 11, "num_statements": 11, "percent_covered": 100.0, "percent_covered_display": "100", "missing_lines": 0, "excluded_lines": 0}, "missing_lines": [], "excluded_lines": []}, "PluginLoader._find_plugin_class": {"executed_lines": [112, 115, 117, 118, 122, 126, 129, 133], "summary": {"covered_lines": 8, "num_statements": 10, "percent_covered": 80.0, "percent_covered_display": "80", "missing_lines": 2, "excluded_lines": 0}, "missing_lines": [130, 131], "excluded_lines": []}, "": {"executed_lines": [1, 3, 4, 5, 6, 7, 9, 12, 13, 15, 20, 76, 102], "summary": {"covered_lines": 11, "num_statements": 11, "percent_covered": 100.0, "percent_covered_display": "100", "missing_lines": 0, "excluded_lines": 0}, "missing_lines": [], "excluded_lines": []}}, "classes": {"PluginLoader": {"executed_lines": [17, 18, 34, 35, 37, 38, 41, 44, 45, 48, 51, 54, 57, 60, 62, 63, 66, 68, 70, 71, 72, 73, 74, 86, 87, 89, 90, 92, 93, 94, 96, 97, 98, 100, 112, 115, 117, 118, 122, 126, 129, 133], "summary": {"covered_lines": 42, "num_statements": 45, "percent_covered": 93.33333333333333, "percent_covered_display": "93", "missing_lines": 3, "excluded_lines": 0}, "missing_lines": [46, 130, 131], "excluded_lines": []}, "": {"executed_lines": [1, 3, 4, 5, 6, 7, 9, 12, 13, 15, 20, 76, 102], "summary": {"covered_lines": 11, "num_statements": 11, "percent_covered": 100.0, "percent_covered_display": "100", "missing_lines": 0, "excluded_lines": 0}, "missing_lines": [], "excluded_lines": []}}}, "src/plugins/manager.py": {"executed_lines": [], "summary": {"covered_lines": 0, "num_statements": 2, "percent_covered": 0.0, "percent_covered_display": "0", "missing_lines": 2, "excluded_lines": 0}, "missing_lines": [4, 6], "excluded_lines": [], "functions": {"": {"executed_lines": [], "summary": {"covered_lines": 0, "num_statements": 2, "percent_covered": 0.0, "percent_covered_display": "0", "missing_lines": 2, "excluded_lines": 0}, "missing_lines": [4, 6], "excluded_lines": []}}, "classes": {"": {"executed_lines": [], "summary": {"covered_lines": 0, "num_statements": 2, "percent_covered": 0.0, "percent_covered_display": "0", "missing_lines": 2, "excluded_lines": 0}, "missing_lines": [4, 6], "excluded_lines": []}}}, "src/plugins/plugin_manager.py": {"executed_lines": [1, 7, 8, 9, 10, 11, 12, 13, 14, 15, 16, 19, 22, 23, 24, 25, 26, 27, 28, 29, 30, 31, 32, 33, 34, 37, 38, 39, 42, 43, 44, 47, 48, 49, 52, 53, 60, 67, 68, 70, 71, 78, 80, 81, 90, 91, 100, 102, 104, 106, 108, 110, 112, 114, 116, 126, 129, 130, 141, 149, 154, 155, 156, 157, 158, 160, 162, 169, 171, 172, 175, 178, 179, 180, 181, 182, 183, 184, 186, 188, 190, 191, 193, 206, 257, 265, 267, 268, 269, 273, 316, 341, 347, 348, 350, 352, 353, 354, 355, 356, 357, 358, 360, 366, 367, 369, 371, 372, 373, 374, 379, 386, 387, 390, 391, 392, 394, 396, 406, 408, 415, 426, 433, 434, 435, 437, 438, 442, 450, 451, 452, 454, 464, 465, 467, 470, 471, 472, 473, 478, 488, 489, 491, 494, 495, 497, 498, 500, 508, 509, 511, 512, 513, 515, 516, 520, 523, 524, 527, 528, 529, 532, 533, 535, 539, 542, 550, 551, 552], "summary": {"covered_lines": 162, "num_statements": 232, "percent_covered": 69.82758620689656, "percent_covered_display": "70", "missing_lines": 70, "excluded_lines": 0}, "missing_lines": [88, 98, 173, 220, 221, 222, 224, 226, 227, 228, 231, 234, 237, 238, 239, 242, 245, 246, 247, 249, 251, 253, 254, 255, 259, 260, 261, 262, 263, 276, 277, 278, 279, 280, 281, 283, 284, 287, 288, 291, 294, 299, 300, 302, 303, 304, 307, 309, 310, 314, 324, 325, 326, 329, 330, 331, 332, 333, 334, 335, 336, 337, 339, 375, 376, 377, 440, 475, 476, 517], "excluded_lines": [], "functions": {"BasePlugin.__init__": {"executed_lines": [67, 68], "summary": {"covered_lines": 2, "num_statements": 2, "percent_covered": 100.0, "percent_covered_display": "100", "missing_lines": 0, "excluded_lines": 0}, "missing_lines": [], "excluded_lines": []}, "BasePlugin.get_name": {"executed_lines": [78], "summary": {"covered_lines": 1, "num_statements": 1, "percent_covered": 100.0, "percent_covered_display": "100", "missing_lines": 0, "excluded_lines": 0}, "missing_lines": [], "excluded_lines": []}, "BasePlugin.get_version": {"executed_lines": [], "summary": {"covered_lines": 0, "num_statements": 1, "percent_covered": 0.0, "percent_covered_display": "0", "missing_lines": 1, "excluded_lines": 0}, "missing_lines": [88], "excluded_lines": []}, "BasePlugin.get_metadata": {"executed_lines": [], "summary": {"covered_lines": 0, "num_statements": 1, "percent_covered": 0.0, "percent_covered_display": "0", "missing_lines": 1, "excluded_lines": 0}, "missing_lines": [98], "excluded_lines": []}, "BasePlugin.initialize": {"executed_lines": [102], "summary": {"covered_lines": 1, "num_statements": 1, "percent_covered": 100.0, "percent_covered_display": "100", "missing_lines": 0, "excluded_lines": 0}, "missing_lines": [], "excluded_lines": []}, "BasePlugin.start": {"executed_lines": [106], "summary": {"covered_lines": 1, "num_statements": 1, "percent_covered": 100.0, "percent_covered_display": "100", "missing_lines": 0, "excluded_lines": 0}, "missing_lines": [], "excluded_lines": []}, "BasePlugin.stop": {"executed_lines": [110], "summary": {"covered_lines": 1, "num_statements": 1, "percent_covered": 100.0, "percent_covered_display": "100", "missing_lines": 0, "excluded_lines": 0}, "missing_lines": [], "excluded_lines": []}, "BasePlugin.cleanup": {"executed_lines": [114], "summary": {"covered_lines": 1, "num_statements": 1, "percent_covered": 100.0, "percent_covered_display": "100", "missing_lines": 0, "excluded_lines": 0}, "missing_lines": [], "excluded_lines": []}, "BasePlugin.validate_config": {"executed_lines": [126], "summary": {"covered_lines": 1, "num_statements": 1, "percent_covered": 100.0, "percent_covered_display": "100", "missing_lines": 0, "excluded_lines": 0}, "missing_lines": [], "excluded_lines": []}, "PluginManager.__init__": {"executed_lines": [149, 154, 155, 156, 157, 158, 160], "summary": {"covered_lines": 7, "num_statements": 7, "percent_covered": 100.0, "percent_covered_display": "100", "missing_lines": 0, "excluded_lines": 0}, "missing_lines": [], "excluded_lines": []}, "PluginManager.discover_plugins": {"executed_lines": [169, 171, 172, 175, 178, 179, 180, 181, 182, 183, 184, 186], "summary": {"covered_lines": 12, "num_statements": 13, "percent_covered": 92.3076923076923, "percent_covered_display": "92", "missing_lines": 1, "excluded_lines": 0}, "missing_lines": [173], "excluded_lines": []}, "PluginManager._load_plugin_metadata": {"executed_lines": [190, 191, 193], "summary": {"covered_lines": 3, "num_statements": 3, "percent_covered": 100.0, "percent_covered_display": "100", "missing_lines": 0, "excluded_lines": 0}, "missing_lines": [], "excluded_lines": []}, "PluginManager.load_plugin": {"executed_lines": [], "summary": {"covered_lines": 0, "num_statements": 21, "percent_covered": 0.0, "percent_covered_display": "0", "missing_lines": 21, "excluded_lines": 0}, "missing_lines": [220, 221, 222, 224, 226, 227, 228, 231, 234, 237, 238, 239, 242, 245, 246, 247, 249, 251, 253, 254, 255], "excluded_lines": []}, "PluginManager._find_plugin": {"executed_lines": [], "summary": {"covered_lines": 0, "num_statements": 5, "percent_covered": 0.0, "percent_covered_display": "0", "missing_lines": 5, "excluded_lines": 0}, "missing_lines": [259, 260, 261, 262, 263], "excluded_lines": []}, "PluginManager._check_dependencies": {"executed_lines": [267, 268, 269], "summary": {"covered_lines": 3, "num_statements": 3, "percent_covered": 100.0, "percent_covered_display": "100", "missing_lines": 0, "excluded_lines": 0}, "missing_lines": [], "excluded_lines": []}, "PluginManager._load_plugin_class": {"executed_lines": [], "summary": {"covered_lines": 0, "num_statements": 21, "percent_covered": 0.0, "percent_covered_display": "0", "missing_lines": 21, "excluded_lines": 0}, "missing_lines": [276, 277, 278, 279, 280, 281, 283, 284, 287, 288, 291, 294, 299, 300, 302, 303, 304, 307, 309, 310, 314], "excluded_lines": []}, "PluginManager._validate_config": {"executed_lines": [], "summary": {"covered_lines": 0, "num_statements": 13, "percent_covered": 0.0, "percent_covered_display": "0", "missing_lines": 13, "excluded_lines": 0}, "missing_lines": [324, 325, 326, 329, 330, 331, 332, 333, 334, 335, 336, 337, 339], "excluded_lines": []}, "PluginManager.start_plugin": {"executed_lines": [347, 348, 350, 352, 353, 354, 355, 356, 357, 358], "summary": {"covered_lines": 10, "num_statements": 10, "percent_covered": 100.0, "percent_covered_display": "100", "missing_lines": 0, "excluded_lines": 0}, "missing_lines": [], "excluded_lines": []}, "PluginManager.stop_plugin": {"executed_lines": [366, 367, 369, 371, 372, 373, 374], "summary": {"covered_lines": 7, "num_statements": 10, "percent_covered": 70.0, "percent_covered_display": "70", "missing_lines": 3, "excluded_lines": 0}, "missing_lines": [375, 376, 377], "excluded_lines": []}, "PluginManager.unload_plugin": {"executed_lines": [386, 387, 390, 391, 392, 394], "summary": {"covered_lines": 6, "num_statements": 6, "percent_covered": 100.0, "percent_covered_display": "100", "missing_lines": 0, "excluded_lines": 0}, "missing_lines": [], "excluded_lines": []}, "PluginManager.get_plugin": {"executed_lines": [406], "summary": {"covered_lines": 1, "num_statements": 1, "percent_covered": 100.0, "percent_covered_display": "100", "missing_lines": 0, "excluded_lines": 0}, "missing_lines": [], "excluded_lines": []}, "PluginManager.list_plugins": {"executed_lines": [415], "summary": {"covered_lines": 1, "num_statements": 1, "percent_covered": 100.0, "percent_covered_display": "100", "missing_lines": 0, "excluded_lines": 0}, "missing_lines": [], "excluded_lines": []}, "PluginManager.reload_plugin": {"executed_lines": [433, 434, 435, 437, 438], "summary": {"covered_lines": 5, "num_statements": 6, "percent_covered": 83.33333333333333, "percent_covered_display": "83", "missing_lines": 1, "excluded_lines": 0}, "missing_lines": [440], "excluded_lines": []}, "PluginManager.register_plugin": {"executed_lines": [450, 451, 452], "summary": {"covered_lines": 3, "num_statements": 3, "percent_covered": 100.0, "percent_covered_display": "100", "missing_lines": 0, "excluded_lines": 0}, "missing_lines": [], "excluded_lines": []}, "PluginManager.activate_plugin": {"executed_lines": [464, 465, 467, 470, 471, 472, 473], "summary": {"covered_lines": 7, "num_statements": 9, "percent_covered": 77.77777777777777, "percent_covered_display": "78", "missing_lines": 2, "excluded_lines": 0}, "missing_lines": [475, 476], "excluded_lines": []}, "PluginManager.deactivate_plugin": {"executed_lines": [488, 489, 491, 494, 495, 497, 498], "summary": {"covered_lines": 7, "num_statements": 7, "percent_covered": 100.0, "percent_covered_display": "100", "missing_lines": 0, "excluded_lines": 0}, "missing_lines": [], "excluded_lines": []}, "PluginManager.activate_all_plugins": {"executed_lines": [508, 509, 511, 532, 533, 535], "summary": {"covered_lines": 6, "num_statements": 6, "percent_covered": 100.0, "percent_covered_display": "100", "missing_lines": 0, "excluded_lines": 0}, "missing_lines": [], "excluded_lines": []}, "PluginManager.activate_all_plugins.activate_with_deps": {"executed_lines": [512, 513, 515, 516, 520, 523, 524, 527, 528, 529], "summary": {"covered_lines": 10, "num_statements": 11, "percent_covered": 90.9090909090909, "percent_covered_display": "91", "missing_lines": 1, "excluded_lines": 0}, "missing_lines": [517], "excluded_lines": []}, "get_plugin_manager": {"executed_lines": [550, 551, 552], "summary": {"covered_lines": 3, "num_statements": 3, "percent_covered": 100.0, "percent_covered_display": "100", "missing_lines": 0, "excluded_lines": 0}, "missing_lines": [], "excluded_lines": []}, "": {"executed_lines": [1, 7, 8, 9, 10, 11, 12, 13, 14, 15, 16, 19, 22, 23, 24, 25, 26, 27, 28, 29, 30, 31, 32, 33, 34, 37, 38, 39, 42, 43, 44, 47, 48, 49, 52, 53, 60, 70, 71, 80, 81, 90, 91, 100, 104, 108, 112, 116, 129, 130, 141, 162, 188, 206, 257, 265, 273, 316, 341, 360, 379, 396, 408, 426, 442, 454, 478, 500, 539, 542], "summary": {"covered_lines": 63, "num_statements": 63, "percent_covered": 100.0, "percent_covered_display": "100", "missing_lines": 0, "excluded_lines": 0}, "missing_lines": [], "excluded_lines": []}}, "classes": {"PluginMetadata": {"executed_lines": [], "summary": {"covered_lines": 0, "num_statements": 0, "percent_covered": 100.0, "percent_covered_display": "100", "missing_lines": 0, "excluded_lines": 0}, "missing_lines": [], "excluded_lines": []}, "PluginError": {"executed_lines": [], "summary": {"covered_lines": 0, "num_statements": 0, "percent_covered": 100.0, "percent_covered_display": "100", "missing_lines": 0, "excluded_lines": 0}, "missing_lines": [], "excluded_lines": []}, "PluginLoadError": {"executed_lines": [], "summary": {"covered_lines": 0, "num_statements": 0, "percent_covered": 100.0, "percent_covered_display": "100", "missing_lines": 0, "excluded_lines": 0}, "missing_lines": [], "excluded_lines": []}, "PluginValidationError": {"executed_lines": [], "summary": {"covered_lines": 0, "num_statements": 0, "percent_covered": 100.0, "percent_covered_display": "100", "missing_lines": 0, "excluded_lines": 0}, "missing_lines": [], "excluded_lines": []}, "BasePlugin": {"executed_lines": [67, 68, 78, 102, 106, 110, 114, 126], "summary": {"covered_lines": 8, "num_statements": 10, "percent_covered": 80.0, "percent_covered_display": "80", "missing_lines": 2, "excluded_lines": 0}, "missing_lines": [88, 98], "excluded_lines": []}, "PluginManager": {"executed_lines": [149, 154, 155, 156, 157, 158, 160, 169, 171, 172, 175, 178, 179, 180, 181, 182, 183, 184, 186, 190, 191, 193, 267, 268, 269, 347, 348, 350, 352, 353, 354, 355, 356, 357, 358, 366, 367, 369, 371, 372, 373, 374, 386, 387, 390, 391, 392, 394, 406, 415, 433, 434, 435, 437, 438, 450, 451, 452, 464, 465, 467, 470, 471, 472, 473, 488, 489, 491, 494, 495, 497, 498, 508, 509, 511, 512, 513, 515, 516, 520, 523, 524, 527, 528, 529, 532, 533, 535], "summary": {"covered_lines": 88, "num_statements": 156, "percent_covered": 56.41025641025641, "percent_covered_display": "56", "missing_lines": 68, "excluded_lines": 0}, "missing_lines": [173, 220, 221, 222, 224, 226, 227, 228, 231, 234, 237, 238, 239, 242, 245, 246, 247, 249, 251, 253, 254, 255, 259, 260, 261, 262, 263, 276, 277, 278, 279, 280, 281, 283, 284, 287, 288, 291, 294, 299, 300, 302, 303, 304, 307, 309, 310, 314, 324, 325, 326, 329, 330, 331, 332, 333, 334, 335, 336, 337, 339, 375, 376, 377, 440, 475, 476, 517], "excluded_lines": []}, "": {"executed_lines": [1, 7, 8, 9, 10, 11, 12, 13, 14, 15, 16, 19, 22, 23, 24, 25, 26, 27, 28, 29, 30, 31, 32, 33, 34, 37, 38, 39, 42, 43, 44, 47, 48, 49, 52, 53, 60, 70, 71, 80, 81, 90, 91, 100, 104, 108, 112, 116, 129, 130, 141, 162, 188, 206, 257, 265, 273, 316, 341, 360, 379, 396, 408, 426, 442, 454, 478, 500, 539, 542, 550, 551, 552], "summary": {"covered_lines": 66, "num_statements": 66, "percent_covered": 100.0, "percent_covered_display": "100", "missing_lines": 0, "excluded_lines": 0}, "missing_lines": [], "excluded_lines": []}}}, "src/plugins/sandbox.py": {"executed_lines": [1, 3, 4, 5, 6, 8, 11, 12, 14, 16, 17, 18, 26, 33, 34, 35, 37, 44, 45, 46, 48, 58, 59, 62, 63, 64, 65, 66, 67, 70, 71, 72, 73, 74, 75, 78, 84, 86, 88, 95, 98, 99, 101, 109, 110, 111, 112, 114, 123, 128, 132, 142, 143, 145, 147, 148, 150, 151, 156, 157, 162, 164, 174, 176, 183, 184], "summary": {"covered_lines": 63, "num_statements": 66, "percent_covered": 95.45454545454545, "percent_covered_display": "95", "missing_lines": 3, "excluded_lines": 0}, "missing_lines": [80, 81, 82], "excluded_lines": [], "functions": {"PluginSandbox.__init__": {"executed_lines": [16, 17, 18], "summary": {"covered_lines": 3, "num_statements": 3, "percent_covered": 100.0, "percent_covered_display": "100", "missing_lines": 0, "excluded_lines": 0}, "missing_lines": [], "excluded_lines": []}, "PluginSandbox.allow_path": {"executed_lines": [33, 34, 35], "summary": {"covered_lines": 3, "num_statements": 3, "percent_covered": 100.0, "percent_covered_display": "100", "missing_lines": 0, "excluded_lines": 0}, "missing_lines": [], "excluded_lines": []}, "PluginSandbox.deny_path": {"executed_lines": [44, 45, 46], "summary": {"covered_lines": 3, "num_statements": 3, "percent_covered": 100.0, "percent_covered_display": "100", "missing_lines": 0, "excluded_lines": 0}, "missing_lines": [], "excluded_lines": []}, "PluginSandbox.can_access": {"executed_lines": [58, 59, 62, 63, 64, 65, 66, 67, 70, 71, 72, 73, 74, 75, 78], "summary": {"covered_lines": 15, "num_statements": 18, "percent_covered": 83.33333333333333, "percent_covered_display": "83", "missing_lines": 3, "excluded_lines": 0}, "missing_lines": [80, 81, 82], "excluded_lines": []}, "PluginSandbox.clear_allowed_paths": {"executed_lines": [86], "summary": {"covered_lines": 1, "num_statements": 1, "percent_covered": 100.0, "percent_covered_display": "100", "missing_lines": 0, "excluded_lines": 0}, "missing_lines": [], "excluded_lines": []}, "PluginSandbox.get_allowed_paths": {"executed_lines": [95], "summary": {"covered_lines": 1, "num_statements": 1, "percent_covered": 100.0, "percent_covered_display": "100", "missing_lines": 0, "excluded_lines": 0}, "missing_lines": [], "excluded_lines": []}, "ResourceLimiter.__init__": {"executed_lines": [109, 110, 111, 112], "summary": {"covered_lines": 4, "num_statements": 4, "percent_covered": 100.0, "percent_covered_display": "100", "missing_lines": 0, "excluded_lines": 0}, "missing_lines": [], "excluded_lines": []}, "ResourceLimiter.track_usage": {"executed_lines": [123, 128], "summary": {"covered_lines": 2, "num_statements": 2, "percent_covered": 100.0, "percent_covered_display": "100", "missing_lines": 0, "excluded_lines": 0}, "missing_lines": [], "excluded_lines": []}, "ResourceLimiter.within_limits": {"executed_lines": [142, 143, 145, 147, 148, 150, 151, 156, 157, 162], "summary": {"covered_lines": 10, "num_statements": 10, "percent_covered": 100.0, "percent_covered_display": "100", "missing_lines": 0, "excluded_lines": 0}, "missing_lines": [], "excluded_lines": []}, "ResourceLimiter.get_usage": {"executed_lines": [174], "summary": {"covered_lines": 1, "num_statements": 1, "percent_covered": 100.0, "percent_covered_display": "100", "missing_lines": 0, "excluded_lines": 0}, "missing_lines": [], "excluded_lines": []}, "ResourceLimiter.clear_usage": {"executed_lines": [183, 184], "summary": {"covered_lines": 2, "num_statements": 2, "percent_covered": 100.0, "percent_covered_display": "100", "missing_lines": 0, "excluded_lines": 0}, "missing_lines": [], "excluded_lines": []}, "": {"executed_lines": [1, 3, 4, 5, 6, 8, 11, 12, 14, 26, 37, 48, 84, 88, 98, 99, 101, 114, 132, 164, 176], "summary": {"covered_lines": 18, "num_statements": 18, "percent_covered": 100.0, "percent_covered_display": "100", "missing_lines": 0, "excluded_lines": 0}, "missing_lines": [], "excluded_lines": []}}, "classes": {"PluginSandbox": {"executed_lines": [16, 17, 18, 33, 34, 35, 44, 45, 46, 58, 59, 62, 63, 64, 65, 66, 67, 70, 71, 72, 73, 74, 75, 78, 86, 95], "summary": {"covered_lines": 26, "num_statements": 29, "percent_covered": 89.65517241379311, "percent_covered_display": "90", "missing_lines": 3, "excluded_lines": 0}, "missing_lines": [80, 81, 82], "excluded_lines": []}, "ResourceLimiter": {"executed_lines": [109, 110, 111, 112, 123, 128, 142, 143, 145, 147, 148, 150, 151, 156, 157, 162, 174, 183, 184], "summary": {"covered_lines": 19, "num_statements": 19, "percent_covered": 100.0, "percent_covered_display": "100", "missing_lines": 0, "excluded_lines": 0}, "missing_lines": [], "excluded_lines": []}, "": {"executed_lines": [1, 3, 4, 5, 6, 8, 11, 12, 14, 26, 37, 48, 84, 88, 98, 99, 101, 114, 132, 164, 176], "summary": {"covered_lines": 18, "num_statements": 18, "percent_covered": 100.0, "percent_covered_display": "100", "missing_lines": 0, "excluded_lines": 0}, "missing_lines": [], "excluded_lines": []}}}, "src/plugins/security.py": {"executed_lines": [1, 3, 4, 5, 7, 10, 11, 13, 15, 16, 18, 26, 27, 29, 30, 32, 43, 44, 46, 47, 48, 49, 53, 64, 65, 68, 69, 72, 73, 74, 75, 76, 79, 80, 82, 84, 94, 96, 103, 104, 105, 108, 109, 111, 113, 114, 116, 123, 124, 126, 140, 141, 142, 145, 146, 150, 154, 156, 169, 170, 173, 175], "summary": {"covered_lines": 59, "num_statements": 60, "percent_covered": 98.33333333333333, "percent_covered_display": "98", "missing_lines": 1, "excluded_lines": 0}, "missing_lines": [51], "excluded_lines": [], "functions": {"PluginSecurityManager.__init__": {"executed_lines": [15, 16], "summary": {"covered_lines": 2, "num_statements": 2, "percent_covered": 100.0, "percent_covered_display": "100", "missing_lines": 0, "excluded_lines": 0}, "missing_lines": [], "excluded_lines": []}, "PluginSecurityManager.grant_permission": {"executed_lines": [26, 27, 29, 30], "summary": {"covered_lines": 4, "num_statements": 4, "percent_covered": 100.0, "percent_covered_display": "100", "missing_lines": 0, "excluded_lines": 0}, "missing_lines": [], "excluded_lines": []}, "PluginSecurityManager.revoke_permission": {"executed_lines": [43, 44, 46, 47, 48, 49], "summary": {"covered_lines": 6, "num_statements": 7, "percent_covered": 85.71428571428571, "percent_covered_display": "86", "missing_lines": 1, "excluded_lines": 0}, "missing_lines": [51], "excluded_lines": []}, "PluginSecurityManager.has_permission": {"executed_lines": [64, 65, 68, 69, 72, 73, 74, 75, 76, 79, 80, 82], "summary": {"covered_lines": 12, "num_statements": 12, "percent_covered": 100.0, "percent_covered_display": "100", "missing_lines": 0, "excluded_lines": 0}, "missing_lines": [], "excluded_lines": []}, "PluginSecurityManager.get_permissions": {"executed_lines": [94], "summary": {"covered_lines": 1, "num_statements": 1, "percent_covered": 100.0, "percent_covered_display": "100", "missing_lines": 0, "excluded_lines": 0}, "missing_lines": [], "excluded_lines": []}, "PluginSecurityManager.clear_permissions": {"executed_lines": [103, 104, 105], "summary": {"covered_lines": 3, "num_statements": 3, "percent_covered": 100.0, "percent_covered_display": "100", "missing_lines": 0, "excluded_lines": 0}, "missing_lines": [], "excluded_lines": []}, "CodeSignatureVerifier.__init__": {"executed_lines": [113, 114], "summary": {"covered_lines": 2, "num_statements": 2, "percent_covered": 100.0, "percent_covered_display": "100", "missing_lines": 0, "excluded_lines": 0}, "missing_lines": [], "excluded_lines": []}, "CodeSignatureVerifier.add_trusted_key": {"executed_lines": [123, 124], "summary": {"covered_lines": 2, "num_statements": 2, "percent_covered": 100.0, "percent_covered_display": "100", "missing_lines": 0, "excluded_lines": 0}, "missing_lines": [], "excluded_lines": []}, "CodeSignatureVerifier.verify": {"executed_lines": [140, 141, 142, 145, 146, 150, 154], "summary": {"covered_lines": 7, "num_statements": 7, "percent_covered": 100.0, "percent_covered_display": "100", "missing_lines": 0, "excluded_lines": 0}, "missing_lines": [], "excluded_lines": []}, "CodeSignatureVerifier.sign": {"executed_lines": [169, 170, 173, 175], "summary": {"covered_lines": 4, "num_statements": 4, "percent_covered": 100.0, "percent_covered_display": "100", "missing_lines": 0, "excluded_lines": 0}, "missing_lines": [], "excluded_lines": []}, "": {"executed_lines": [1, 3, 4, 5, 7, 10, 11, 13, 18, 32, 53, 84, 96, 108, 109, 111, 116, 126, 156], "summary": {"covered_lines": 16, "num_statements": 16, "percent_covered": 100.0, "percent_covered_display": "100", "missing_lines": 0, "excluded_lines": 0}, "missing_lines": [], "excluded_lines": []}}, "classes": {"PluginSecurityManager": {"executed_lines": [15, 16, 26, 27, 29, 30, 43, 44, 46, 47, 48, 49, 64, 65, 68, 69, 72, 73, 74, 75, 76, 79, 80, 82, 94, 103, 104, 105], "summary": {"covered_lines": 28, "num_statements": 29, "percent_covered": 96.55172413793103, "percent_covered_display": "97", "missing_lines": 1, "excluded_lines": 0}, "missing_lines": [51], "excluded_lines": []}, "CodeSignatureVerifier": {"executed_lines": [113, 114, 123, 124, 140, 141, 142, 145, 146, 150, 154, 169, 170, 173, 175], "summary": {"covered_lines": 15, "num_statements": 15, "percent_covered": 100.0, "percent_covered_display": "100", "missing_lines": 0, "excluded_lines": 0}, "missing_lines": [], "excluded_lines": []}, "": {"executed_lines": [1, 3, 4, 5, 7, 10, 11, 13, 18, 32, 53, 84, 96, 108, 109, 111, 116, 126, 156], "summary": {"covered_lines": 16, "num_statements": 16, "percent_covered": 100.0, "percent_covered_display": "100", "missing_lines": 0, "excluded_lines": 0}, "missing_lines": [], "excluded_lines": []}}}}, "totals": {"covered_lines": 632, "num_statements": 730, "percent_covered": 86.57534246575342, "percent_covered_display": "87", "missing_lines": 98, "excluded_lines": 0}}